2025-03-19 17:51:43,226 - __main__ - INFO - Using User-Agent: Mozilla/5.0 (iPhone; CPU iPhone OS 18_3_1 like Mac OS X) AppleWebKit/605.1.15 (KHTML, like Gecko) Version/18.3 Mobile/15E148 Safari/604.1
2025-03-19 17:51:43,227 - WDM - INFO - ====== WebDriver manager ======
2025-03-19 17:51:43,300 - WDM - INFO - Get LATEST chromedriver version for google-chrome
2025-03-19 17:51:43,414 - WDM - INFO - Get LATEST chromedriver version for google-chrome
2025-03-19 17:51:43,480 - WDM - INFO - Driver [/home/zain/.wdm/drivers/chromedriver/linux64/134.0.6998.90/chromedriver-linux64/chromedriver] found in cache
2025-03-19 17:51:44,552 - __main__ - INFO - Navigating to https://calendly.com/robertjandali/30min/2025-03-21T00:00:00-07:00?month=2025-03&date=2025-03-21
2025-03-19 17:51:48,183 - __main__ - INFO - Found cookie dialog, clicking: //button[contains(text(), 'I understand')]
2025-03-19 17:51:48,886 - __main__ - INFO - Filling out Calendly form
2025-03-19 17:52:12,882 - urllib3.connectionpool - WARNING - Retrying (Retry(total=2, connect=None, read=None, redirect=None, status=None)) after connection broken by 'ProtocolError('Connection aborted.', ConnectionResetError(104, 'Connection reset by peer'))': /session/72d03c303c038a61d598be34a136b5d2
2025-03-19 17:52:12,882 - urllib3.connectionpool - WARNING - Retrying (Retry(total=1, connect=None, read=None, redirect=None, status=None)) after connection broken by 'NewConnectionError('<urllib3.connection.HTTPConnection object at 0x7f55aed42e10>: Failed to establish a new connection: [Errno 111] Connection refused')': /session/72d03c303c038a61d598be34a136b5d2
2025-03-19 17:52:12,883 - urllib3.connectionpool - WARNING - Retrying (Retry(total=0, connect=None, read=None, redirect=None, status=None)) after connection broken by 'NewConnectionError('<urllib3.connection.HTTPConnection object at 0x7f55aed42f90>: Failed to establish a new connection: [Errno 111] Connection refused')': /session/72d03c303c038a61d598be34a136b5d2
2025-03-19 17:52:14,123 - __main__ - INFO - Using User-Agent: Mozilla/5.0 (Linux; Android 10; K) AppleWebKit/537.36 (KHTML, like Gecko) Chrome/133.0.0.0 Mobile Safari/537.36
2025-03-19 17:52:14,123 - WDM - INFO - ====== WebDriver manager ======
2025-03-19 17:52:14,194 - WDM - INFO - Get LATEST chromedriver version for google-chrome
2025-03-19 17:52:14,263 - WDM - INFO - Get LATEST chromedriver version for google-chrome
2025-03-19 17:52:14,403 - WDM - INFO - Driver [/home/zain/.wdm/drivers/chromedriver/linux64/134.0.6998.90/chromedriver-linux64/chromedriver] found in cache
2025-03-19 17:52:15,521 - __main__ - INFO - Navigating to https://calendly.com/robertjandali/30min/2025-03-21T00:00:00-07:00?month=2025-03&date=2025-03-21
2025-03-19 17:52:16,044 - urllib3.connectionpool - WARNING - Retrying (Retry(total=2, connect=None, read=None, redirect=None, status=None)) after connection broken by 'ProtocolError('Connection aborted.', ConnectionResetError(104, 'Connection reset by peer'))': /session/b5c9be28a8a2979beb5c32df869a1afb
2025-03-19 17:52:16,046 - urllib3.connectionpool - WARNING - Retrying (Retry(total=1, connect=None, read=None, redirect=None, status=None)) after connection broken by 'NewConnectionError('<urllib3.connection.HTTPConnection object at 0x7f6a2a0fec30>: Failed to establish a new connection: [Errno 111] Connection refused')': /session/b5c9be28a8a2979beb5c32df869a1afb
2025-03-19 17:52:16,047 - urllib3.connectionpool - WARNING - Retrying (Retry(total=0, connect=None, read=None, redirect=None, status=None)) after connection broken by 'NewConnectionError('<urllib3.connection.HTTPConnection object at 0x7f6a2a0fef60>: Failed to establish a new connection: [Errno 111] Connection refused')': /session/b5c9be28a8a2979beb5c32df869a1afb
2025-03-19 17:52:19,053 - __main__ - INFO - Using User-Agent: Mozilla/5.0 (iPhone; CPU iPhone OS 18_3_1 like Mac OS X) AppleWebKit/605.1.15 (KHTML, like Gecko) GSA/357.0.729240823 Mobile/15E148 Safari/604.1
2025-03-19 17:52:19,053 - WDM - INFO - ====== WebDriver manager ======
2025-03-19 17:52:19,132 - WDM - INFO - Get LATEST chromedriver version for google-chrome
2025-03-19 17:52:19,203 - WDM - INFO - Get LATEST chromedriver version for google-chrome
2025-03-19 17:52:19,259 - WDM - INFO - Driver [/home/zain/.wdm/drivers/chromedriver/linux64/134.0.6998.90/chromedriver-linux64/chromedriver] found in cache
2025-03-19 17:52:20,303 - __main__ - INFO - Navigating to https://calendly.com/robertjandali/30min/2025-03-21T00:00:00-07:00?month=2025-03&date=2025-03-21
2025-03-19 17:52:23,471 - __main__ - INFO - Filling out Calendly form
2025-03-19 17:52:28,036 - __main__ - ERROR - Error filling phone number: Message: element click intercepted: Element <div class="phone-field-flag-box" role="combobox" tabindex="0" title="United States: +1" aria-controls="country-listbox" aria-expanded="false">...</div> is not clickable at point (569, 413). Other element would receive the click: <div id="onetrust-banner-sdk" class="otFloatingRounded ot-bottom-left vertical-align-content" role="region" aria-label="Cookie banner">...</div>
  (Session info: chrome=134.0.6998.88)
Stacktrace:
#0 0x55b52107da2a <unknown>
#1 0x55b520b35390 <unknown>
#2 0x55b520b8dafc <unknown>
#3 0x55b520b8b95c <unknown>
#4 0x55b520b88ff2 <unknown>
#5 0x55b520b886f0 <unknown>
#6 0x55b520b7ae0d <unknown>
#7 0x55b520bacbd2 <unknown>
#8 0x55b520b7a78a <unknown>
#9 0x55b520bacd9e <unknown>
#10 0x55b520bd307b <unknown>
#11 0x55b520bac9a3 <unknown>
#12 0x55b520b7860e <unknown>
#13 0x55b520b79dd1 <unknown>
#14 0x55b521043deb <unknown>
#15 0x55b521047ccc <unknown>
#16 0x55b52102b3a2 <unknown>
#17 0x55b521048844 <unknown>
#18 0x55b52100f1ff <unknown>
#19 0x55b52106c048 <unknown>
#20 0x55b52106c226 <unknown>
#21 0x55b52107c8a6 <unknown>
#22 0x7fbe7cca1aa4 <unknown>
#23 0x7fbe7cd2ec3c <unknown>

2025-03-19 17:52:28,036 - __main__ - ERROR - Error filling form: Message: element click intercepted: Element <div class="phone-field-flag-box" role="combobox" tabindex="0" title="United States: +1" aria-controls="country-listbox" aria-expanded="false">...</div> is not clickable at point (569, 413). Other element would receive the click: <div id="onetrust-banner-sdk" class="otFloatingRounded ot-bottom-left vertical-align-content" role="region" aria-label="Cookie banner">...</div>
  (Session info: chrome=134.0.6998.88)
Stacktrace:
#0 0x55b52107da2a <unknown>
#1 0x55b520b35390 <unknown>
#2 0x55b520b8dafc <unknown>
#3 0x55b520b8b95c <unknown>
#4 0x55b520b88ff2 <unknown>
#5 0x55b520b886f0 <unknown>
#6 0x55b520b7ae0d <unknown>
#7 0x55b520bacbd2 <unknown>
#8 0x55b520b7a78a <unknown>
#9 0x55b520bacd9e <unknown>
#10 0x55b520bd307b <unknown>
#11 0x55b520bac9a3 <unknown>
#12 0x55b520b7860e <unknown>
#13 0x55b520b79dd1 <unknown>
#14 0x55b521043deb <unknown>
#15 0x55b521047ccc <unknown>
#16 0x55b52102b3a2 <unknown>
#17 0x55b521048844 <unknown>
#18 0x55b52100f1ff <unknown>
#19 0x55b52106c048 <unknown>
#20 0x55b52106c226 <unknown>
#21 0x55b52107c8a6 <unknown>
#22 0x7fbe7cca1aa4 <unknown>
#23 0x7fbe7cd2ec3c <unknown>

2025-03-19 17:52:28,132 - __main__ - ERROR - Failed to fill out the form
2025-03-19 18:03:27,772 - __main__ - INFO - Using User-Agent: Mozilla/5.0 (iPhone; CPU iPhone OS 18_3_1 like Mac OS X) AppleWebKit/605.1.15 (KHTML, like Gecko) Version/18.3 Mobile/15E148 Safari/604.1
2025-03-19 18:03:27,772 - WDM - INFO - ====== WebDriver manager ======
2025-03-19 18:03:27,844 - WDM - INFO - Get LATEST chromedriver version for google-chrome
2025-03-19 18:03:27,910 - WDM - INFO - Get LATEST chromedriver version for google-chrome
2025-03-19 18:03:27,988 - WDM - INFO - Driver [/home/zain/.wdm/drivers/chromedriver/linux64/134.0.6998.90/chromedriver-linux64/chromedriver] found in cache
2025-03-19 18:03:29,401 - __main__ - INFO - Navigating to https://calendly.com/robertjandali/30min/2025-03-21T00:00:00-07:00?month=2025-03&date=2025-03-21
2025-03-19 18:03:31,983 - __main__ - INFO - Filling out Calendly form
2025-03-19 18:03:36,232 - __main__ - INFO - Processing phone: country code=+1, digits=5109198404
2025-03-19 18:03:36,536 - __main__ - WARNING - Error using search input: Message: element not interactable
  (Session info: chrome=134.0.6998.88)
Stacktrace:
#0 0x5647ce5a8a2a <unknown>
#1 0x5647ce0601e3 <unknown>
#2 0x5647ce0a8282 <unknown>
#3 0x5647ce0d7bd2 <unknown>
#4 0x5647ce0a578a <unknown>
#5 0x5647ce0d7d9e <unknown>
#6 0x5647ce0fe07b <unknown>
#7 0x5647ce0d79a3 <unknown>
#8 0x5647ce0a360e <unknown>
#9 0x5647ce0a4dd1 <unknown>
#10 0x5647ce56edeb <unknown>
#11 0x5647ce572ccc <unknown>
#12 0x5647ce5563a2 <unknown>
#13 0x5647ce573844 <unknown>
#14 0x5647ce53a1ff <unknown>
#15 0x5647ce597048 <unknown>
#16 0x5647ce597226 <unknown>
#17 0x5647ce5a78a6 <unknown>
#18 0x7f2b6e987aa4 <unknown>
#19 0x7f2b6ea14c3c <unknown>

2025-03-19 18:03:38,047 - __main__ - INFO - Form filled successfully
2025-03-19 18:03:38,047 - __main__ - INFO - Attempting to submit form
2025-03-19 18:04:10,649 - __main__ - WARNING - Could not find element xpath=//button[contains(text(), 'Schedule Event')] after 3 attempts: Message: 
Stacktrace:
#0 0x5647ce5a8a2a <unknown>
#1 0x5647ce060390 <unknown>
#2 0x5647ce0b1c85 <unknown>
#3 0x5647ce0b1eb1 <unknown>
#4 0x5647ce100d64 <unknown>
#5 0x5647ce0d7bfd <unknown>
#6 0x5647ce0fe07b <unknown>
#7 0x5647ce0d79a3 <unknown>
#8 0x5647ce0a360e <unknown>
#9 0x5647ce0a4dd1 <unknown>
#10 0x5647ce56edeb <unknown>
#11 0x5647ce572ccc <unknown>
#12 0x5647ce5563a2 <unknown>
#13 0x5647ce573844 <unknown>
#14 0x5647ce53a1ff <unknown>
#15 0x5647ce597048 <unknown>
#16 0x5647ce597226 <unknown>
#17 0x5647ce5a78a6 <unknown>
#18 0x7f2b6e987aa4 <unknown>
#19 0x7f2b6ea14c3c <unknown>

2025-03-19 18:04:10,650 - __main__ - ERROR - Could not find Schedule Event button
2025-03-19 18:04:10,650 - __main__ - ERROR - Failed to submit the form
2025-03-19 18:05:05,092 - __main__ - INFO - Using User-Agent: Mozilla/5.0 (Windows NT 10.0; Win64; x64) AppleWebKit/537.36 (KHTML, like Gecko) Chrome/133.0.0.0 Safari/537.36
2025-03-19 18:05:05,092 - WDM - INFO - ====== WebDriver manager ======
2025-03-19 18:05:05,163 - WDM - INFO - Get LATEST chromedriver version for google-chrome
2025-03-19 18:05:05,254 - WDM - INFO - Get LATEST chromedriver version for google-chrome
2025-03-19 18:05:05,322 - WDM - INFO - Driver [/home/zain/.wdm/drivers/chromedriver/linux64/134.0.6998.90/chromedriver-linux64/chromedriver] found in cache
2025-03-19 18:05:06,436 - __main__ - INFO - Navigating to https://calendly.com/robertjandali/30min/2025-03-21T00:00:00-07:00?month=2025-03&date=2025-03-21
2025-03-19 18:05:09,523 - __main__ - INFO - Filling out Calendly form
2025-03-19 18:05:13,256 - __main__ - INFO - Processing phone: country code=+1, digits=5109198404
2025-03-19 18:05:13,544 - __main__ - WARNING - Error using search input: Message: element not interactable
  (Session info: chrome=134.0.6998.88)
Stacktrace:
#0 0x560bb583da2a <unknown>
#1 0x560bb52f51e3 <unknown>
#2 0x560bb533d282 <unknown>
#3 0x560bb536cbd2 <unknown>
#4 0x560bb533a78a <unknown>
#5 0x560bb536cd9e <unknown>
#6 0x560bb539307b <unknown>
#7 0x560bb536c9a3 <unknown>
#8 0x560bb533860e <unknown>
#9 0x560bb5339dd1 <unknown>
#10 0x560bb5803deb <unknown>
#11 0x560bb5807ccc <unknown>
#12 0x560bb57eb3a2 <unknown>
#13 0x560bb5808844 <unknown>
#14 0x560bb57cf1ff <unknown>
#15 0x560bb582c048 <unknown>
#16 0x560bb582c226 <unknown>
#17 0x560bb583c8a6 <unknown>
#18 0x7ff5505e5aa4 <unknown>
#19 0x7ff550672c3c <unknown>

2025-03-19 18:05:14,971 - __main__ - INFO - Form filled successfully
2025-03-19 18:05:14,971 - __main__ - INFO - Attempting to submit form
2025-03-19 18:05:19,051 - __main__ - INFO - reCAPTCHA detected, attempting to handle with 2Captcha
2025-03-19 18:05:19,166 - __main__ - INFO - Found reCAPTCHA site key: 6LeAb4QUAAAAAOM9CNYSsvbnzWTByRAgm3GA5D4n
2025-03-19 18:05:19,172 - __main__ - INFO - Sending reCAPTCHA to 2Captcha for solving...
2025-03-19 18:05:34,890 - urllib3.connectionpool - WARNING - Retrying (Retry(total=2, connect=None, read=None, redirect=None, status=None)) after connection broken by 'ProtocolError('Connection aborted.', ConnectionResetError(104, 'Connection reset by peer'))': /session/cd6552ce63aa1e3edc9ba544a909e65d
2025-03-19 18:05:34,891 - urllib3.connectionpool - WARNING - Retrying (Retry(total=1, connect=None, read=None, redirect=None, status=None)) after connection broken by 'NewConnectionError('<urllib3.connection.HTTPConnection object at 0x7f562736ff50>: Failed to establish a new connection: [Errno 111] Connection refused')': /session/cd6552ce63aa1e3edc9ba544a909e65d
2025-03-19 18:05:34,892 - urllib3.connectionpool - WARNING - Retrying (Retry(total=0, connect=None, read=None, redirect=None, status=None)) after connection broken by 'NewConnectionError('<urllib3.connection.HTTPConnection object at 0x7f562736fb00>: Failed to establish a new connection: [Errno 111] Connection refused')': /session/cd6552ce63aa1e3edc9ba544a909e65d
2025-03-20 15:28:14,131 - __main__ - INFO - Setting up WebDriver with Browserbase
2025-03-20 15:28:15,362 - httpx - INFO - HTTP Request: POST https://api.browserbase.com/v1/sessions "HTTP/1.1 201 Created"
2025-03-20 15:28:15,364 - __main__ - ERROR - Error setting up Browserbase: 'SessionCreateResponse' object has no attribute 'debugger_address'
2025-03-20 15:28:15,364 - __main__ - INFO - Falling back to standard WebDriver setup
2025-03-20 15:28:15,400 - __main__ - INFO - Using User-Agent: Mozilla/5.0 (iPhone; CPU iPhone OS 18_4 like Mac OS X) AppleWebKit/605.1.15 (KHTML, like Gecko) Version/18.4 Mobile/15E148 Safari/604.1
2025-03-20 15:28:15,400 - __main__ - ERROR - An error occurred: name 'Service' is not defined
2025-03-20 15:28:15,436 - __main__ - WARNING - Error closing Browserbase session: 'SessionsResource' object has no attribute 'destroy'
2025-03-20 15:29:41,998 - __main__ - INFO - Setting up WebDriver with Browserbase
2025-03-20 15:29:42,638 - httpx - INFO - HTTP Request: POST https://api.browserbase.com/v1/sessions "HTTP/1.1 429 Too Many Requests"
2025-03-20 15:29:42,638 - browserbase._base_client - INFO - Retrying request to /v1/sessions in 0.422658 seconds
2025-03-20 15:29:43,240 - httpx - INFO - HTTP Request: POST https://api.browserbase.com/v1/sessions "HTTP/1.1 429 Too Many Requests"
2025-03-20 15:29:43,240 - browserbase._base_client - INFO - Retrying request to /v1/sessions in 0.761204 seconds
2025-03-20 15:29:44,185 - httpx - INFO - HTTP Request: POST https://api.browserbase.com/v1/sessions "HTTP/1.1 429 Too Many Requests"
2025-03-20 15:29:44,187 - __main__ - ERROR - Error setting up Browserbase: Error code: 429 - {'statusCode': 429, 'error': 'Too Many Requests', 'message': "You've exceeded your max concurrent sessions limit (limit 1, currently 1). Please contact support to increase your limit."}
2025-03-20 15:29:44,197 - __main__ - INFO - Falling back to standard WebDriver setup
2025-03-20 15:29:44,232 - __main__ - INFO - Using User-Agent: Mozilla/5.0 (iPhone; CPU iPhone OS 18_1_1 like Mac OS X) AppleWebKit/605.1.15 (KHTML, like Gecko) Version/18.1.1 Mobile/15E148 Safari/604.1
2025-03-20 15:29:44,232 - WDM - INFO - ====== WebDriver manager ======
2025-03-20 15:29:44,304 - WDM - INFO - Get LATEST chromedriver version for google-chrome
2025-03-20 15:29:44,368 - WDM - INFO - Get LATEST chromedriver version for google-chrome
2025-03-20 15:29:44,431 - WDM - INFO - Driver [/home/zain/.wdm/drivers/chromedriver/linux64/134.0.6998.90/chromedriver-linux64/chromedriver] found in cache
2025-03-20 15:29:45,514 - __main__ - INFO - Navigating to https://calendly.com/robertjandali/30min/2025-03-21T00:00:00-07:00?month=2025-03&date=2025-03-21
2025-03-20 15:29:48,528 - __main__ - INFO - Filling out Calendly form
2025-03-20 15:29:51,931 - __main__ - ERROR - Error filling phone number: cannot access local variable 'parts' where it is not associated with a value
2025-03-20 15:29:51,931 - __main__ - ERROR - Error filling form: cannot access local variable 'parts' where it is not associated with a value
2025-03-20 15:29:52,018 - __main__ - ERROR - Failed to fill out the form
2025-03-20 15:30:35,050 - __main__ - INFO - Setting up WebDriver with Browserbase
2025-03-20 15:30:36,132 - httpx - INFO - HTTP Request: POST https://api.browserbase.com/v1/sessions "HTTP/1.1 201 Created"
2025-03-20 15:30:36,133 - __main__ - ERROR - Error setting up Browserbase: 'SessionCreateResponse' object has no attribute 'debugger_address'
2025-03-20 15:30:36,133 - __main__ - INFO - Falling back to standard WebDriver setup
2025-03-20 15:30:36,175 - __main__ - INFO - Using User-Agent: Mozilla/5.0 (iPhone; CPU iPhone OS 18_3_1 like Mac OS X) AppleWebKit/605.1.15 (KHTML, like Gecko) Version/18.3 Mobile/15E148 Safari/604.1
2025-03-20 15:30:36,175 - WDM - INFO - ====== WebDriver manager ======
2025-03-20 15:30:36,255 - WDM - INFO - Get LATEST chromedriver version for google-chrome
2025-03-20 15:30:36,323 - WDM - INFO - Get LATEST chromedriver version for google-chrome
2025-03-20 15:30:36,397 - WDM - INFO - Driver [/home/zain/.wdm/drivers/chromedriver/linux64/134.0.6998.90/chromedriver-linux64/chromedriver] found in cache
2025-03-20 15:30:37,460 - __main__ - INFO - Navigating to https://calendly.com/robertjandali/30min/2025-03-21T00:00:00-07:00?month=2025-03&date=2025-03-21
2025-03-20 15:30:40,886 - __main__ - INFO - Found cookie dialog, clicking: //button[contains(text(), 'I understand')]
2025-03-20 15:30:42,590 - __main__ - INFO - Filling out Calendly form
2025-03-20 15:30:45,764 - __main__ - ERROR - Error filling phone number: cannot access local variable 'parts' where it is not associated with a value
2025-03-20 15:30:45,764 - __main__ - ERROR - Error filling form: cannot access local variable 'parts' where it is not associated with a value
2025-03-20 15:30:45,846 - __main__ - ERROR - Failed to fill out the form
2025-03-20 15:30:45,985 - __main__ - WARNING - Error closing Browserbase session: 'SessionsResource' object has no attribute 'destroy'
2025-03-20 15:33:56,301 - __main__ - INFO - Setting up WebDriver with Browserbase
2025-03-20 15:34:00,338 - httpx - INFO - HTTP Request: POST https://api.browserbase.com/v1/sessions "HTTP/1.1 429 Too Many Requests"
2025-03-20 15:34:00,338 - browserbase._base_client - INFO - Retrying request to /v1/sessions in 0.472112 seconds
2025-03-20 15:34:01,018 - httpx - INFO - HTTP Request: POST https://api.browserbase.com/v1/sessions "HTTP/1.1 429 Too Many Requests"
2025-03-20 15:34:01,019 - browserbase._base_client - INFO - Retrying request to /v1/sessions in 0.878062 seconds
2025-03-20 15:34:02,095 - httpx - INFO - HTTP Request: POST https://api.browserbase.com/v1/sessions "HTTP/1.1 429 Too Many Requests"
2025-03-20 15:34:02,097 - __main__ - ERROR - Error setting up Browserbase: Error code: 429 - {'statusCode': 429, 'error': 'Too Many Requests', 'message': "You've exceeded your max concurrent sessions limit (limit 1, currently 1). Please contact support to increase your limit."}
2025-03-20 15:34:02,098 - __main__ - INFO - Falling back to standard WebDriver setup
2025-03-20 15:34:02,143 - __main__ - INFO - Using User-Agent: Mozilla/5.0 (Linux; Android 10; K) AppleWebKit/537.36 (KHTML, like Gecko) Chrome/133.0.0.0 Mobile Safari/537.36
2025-03-20 15:34:02,144 - WDM - INFO - ====== WebDriver manager ======
2025-03-20 15:34:02,241 - WDM - INFO - Get LATEST chromedriver version for google-chrome
2025-03-20 15:34:02,323 - WDM - INFO - Get LATEST chromedriver version for google-chrome
2025-03-20 15:34:02,395 - WDM - INFO - Driver [/home/zain/.wdm/drivers/chromedriver/linux64/134.0.6998.90/chromedriver-linux64/chromedriver] found in cache
2025-03-20 15:34:03,468 - __main__ - INFO - Navigating to https://calendly.com/robertjandali/30min/2025-03-21T00:00:00-07:00?month=2025-03&date=2025-03-21
2025-03-20 15:34:07,085 - __main__ - INFO - Found cookie dialog, clicking: //button[contains(text(), 'I understand')]
2025-03-20 15:34:08,687 - __main__ - INFO - Filling out Calendly form
2025-03-20 15:34:11,911 - __main__ - ERROR - Error filling phone number: cannot access local variable 'parts' where it is not associated with a value
2025-03-20 15:34:11,912 - __main__ - ERROR - Error filling form: cannot access local variable 'parts' where it is not associated with a value
2025-03-20 15:34:11,990 - __main__ - ERROR - Failed to fill out the form
2025-03-20 15:36:17,462 - __main__ - INFO - Setting up WebDriver with Browserbase
2025-03-20 15:36:18,608 - httpx - INFO - HTTP Request: POST https://api.browserbase.com/v1/sessions "HTTP/1.1 201 Created"
2025-03-20 15:36:20,272 - __main__ - INFO - Successfully set up Browserbase WebDriver
2025-03-20 15:36:20,272 - __main__ - INFO - Navigating to https://calendly.com/robertjandali/30min/2025-03-21T00:00:00-07:00?month=2025-03&date=2025-03-21
2025-03-20 15:36:25,310 - __main__ - INFO - Found cookie dialog, clicking: //button[contains(text(), 'I understand')]
2025-03-20 15:36:27,355 - __main__ - INFO - Filling out Calendly form
2025-03-20 15:36:34,973 - __main__ - ERROR - Error filling phone number: cannot access local variable 'parts' where it is not associated with a value
2025-03-20 15:36:34,973 - __main__ - ERROR - Error filling form: cannot access local variable 'parts' where it is not associated with a value
2025-03-20 15:36:35,208 - __main__ - ERROR - Failed to fill out the form
2025-03-20 15:37:14,279 - __main__ - INFO - Setting up WebDriver with Browserbase
2025-03-20 15:37:15,287 - httpx - INFO - HTTP Request: POST https://api.browserbase.com/v1/sessions "HTTP/1.1 201 Created"
2025-03-20 15:37:16,934 - __main__ - INFO - Successfully set up Browserbase WebDriver
2025-03-20 15:37:16,935 - __main__ - INFO - Navigating to https://calendly.com/robertjandali/30min/2025-03-21T00:00:00-07:00?month=2025-03&date=2025-03-21
2025-03-20 15:37:22,779 - __main__ - INFO - Found cookie dialog, clicking: //button[contains(text(), 'Allow')]
2025-03-20 15:37:23,029 - __main__ - WARNING - Error clicking cookie button: Message: element not interactable
  (Session info: chrome=128.0.6613.18)
Stacktrace:
#0 0x5642672ae0ca <unknown>
#1 0x564266f7a0f1 <unknown>
#2 0x564266fcadbf <unknown>
#3 0x564266fbe946 <unknown>
#4 0x564266fee902 <unknown>
#5 0x564266fbe2f9 <unknown>
#6 0x564266feeace <unknown>
#7 0x56426700ce26 <unknown>
#8 0x564266fee6a3 <unknown>
#9 0x564266fbc4f3 <unknown>
#10 0x564266fbd4fe <unknown>
#11 0x564267274d7b <unknown>
#12 0x564267278d31 <unknown>
#13 0x564267260c85 <unknown>
#14 0x5642672798a2 <unknown>
#15 0x564267245e1f <unknown>
#16 0x56426729ce48 <unknown>
#17 0x56426729d013 <unknown>
#18 0x5642672acebc <unknown>
#19 0x7f5ac4d971f5 <unknown>

2025-03-20 15:37:23,533 - __main__ - INFO - Filling out Calendly form
2025-03-20 15:37:32,122 - __main__ - INFO - Processing phone: country code=+15109198404, digits=
2025-03-20 15:37:33,902 - __main__ - INFO - Form filled successfully
2025-03-20 15:37:33,902 - __main__ - INFO - Attempting to submit form
2025-03-20 15:37:37,100 - __main__ - INFO - Using Browserbase's built-in CAPTCHA solver
2025-03-20 15:37:42,623 - __main__ - INFO - reCAPTCHA handled successfully
2025-03-20 15:37:42,623 - __main__ - INFO - Waiting for confirmation page...
2025-03-20 15:38:25,607 - __main__ - INFO - Setting up WebDriver with Browserbase
2025-03-20 15:38:26,782 - httpx - INFO - HTTP Request: POST https://api.browserbase.com/v1/sessions "HTTP/1.1 201 Created"
2025-03-20 15:38:28,470 - __main__ - INFO - Successfully set up Browserbase WebDriver
2025-03-20 15:38:28,470 - __main__ - INFO - Navigating to https://calendly.com/robertjandali/30min/2025-03-21T00:00:00-07:00?month=2025-03&date=2025-03-21
2025-03-20 15:38:34,215 - __main__ - INFO - Found cookie dialog, clicking: //button[contains(text(), 'Allow')]
2025-03-20 15:38:34,382 - __main__ - WARNING - Error clicking cookie button: Message: element not interactable
  (Session info: chrome=128.0.6613.18)
Stacktrace:
#0 0x562a47b930ca <unknown>
#1 0x562a4785f0f1 <unknown>
#2 0x562a478afdbf <unknown>
#3 0x562a478a3946 <unknown>
#4 0x562a478d3902 <unknown>
#5 0x562a478a32f9 <unknown>
#6 0x562a478d3ace <unknown>
#7 0x562a478f1e26 <unknown>
#8 0x562a478d36a3 <unknown>
#9 0x562a478a14f3 <unknown>
#10 0x562a478a24fe <unknown>
#11 0x562a47b59d7b <unknown>
#12 0x562a47b5dd31 <unknown>
#13 0x562a47b45c85 <unknown>
#14 0x562a47b5e8a2 <unknown>
#15 0x562a47b2ae1f <unknown>
#16 0x562a47b81e48 <unknown>
#17 0x562a47b82013 <unknown>
#18 0x562a47b91ebc <unknown>
#19 0x7fd77ed851f5 <unknown>

2025-03-20 15:38:34,861 - __main__ - INFO - Filling out Calendly form
2025-03-20 15:38:42,940 - __main__ - ERROR - Error filling phone number: cannot access local variable 'parts' where it is not associated with a value
2025-03-20 15:38:42,941 - __main__ - ERROR - Error filling form: cannot access local variable 'parts' where it is not associated with a value
2025-03-20 15:38:43,234 - __main__ - ERROR - Failed to fill out the form
2025-03-20 15:38:51,620 - __main__ - INFO - Setting up WebDriver with Browserbase
2025-03-20 15:38:52,725 - httpx - INFO - HTTP Request: POST https://api.browserbase.com/v1/sessions "HTTP/1.1 201 Created"
2025-03-20 15:38:54,381 - __main__ - INFO - Successfully set up Browserbase WebDriver
2025-03-20 15:38:54,382 - __main__ - INFO - Navigating to https://calendly.com/robertjandali/30min/2025-03-21T00:00:00-07:00?month=2025-03&date=2025-03-21
2025-03-20 15:39:00,985 - __main__ - INFO - Found cookie dialog, clicking: //button[contains(text(), 'I understand')]
2025-03-20 15:39:03,848 - __main__ - INFO - Filling out Calendly form
2025-03-20 15:39:11,333 - __main__ - INFO - Processing phone: country code=+1, digits=15109198404
2025-03-20 15:39:12,314 - __main__ - WARNING - Error using search input: Message: element not interactable
  (Session info: chrome=128.0.6613.18)
Stacktrace:
#0 0x55a1ed2d00ca <unknown>
#1 0x55a1ecf9c0f1 <unknown>
#2 0x55a1ecfe2232 <unknown>
#3 0x55a1ed010902 <unknown>
#4 0x55a1ecfe02f9 <unknown>
#5 0x55a1ed010ace <unknown>
#6 0x55a1ed02ee26 <unknown>
#7 0x55a1ed0106a3 <unknown>
#8 0x55a1ecfde4f3 <unknown>
#9 0x55a1ecfdf4fe <unknown>
#10 0x55a1ed296d7b <unknown>
#11 0x55a1ed29ad31 <unknown>
#12 0x55a1ed282c85 <unknown>
#13 0x55a1ed29b8a2 <unknown>
#14 0x55a1ed267e1f <unknown>
#15 0x55a1ed2bee48 <unknown>
#16 0x55a1ed2bf013 <unknown>
#17 0x55a1ed2ceebc <unknown>
#18 0x7f691b4161f5 <unknown>

2025-03-20 15:39:16,813 - __main__ - INFO - Form filled successfully
2025-03-20 15:39:16,813 - __main__ - INFO - Attempting to submit form
2025-03-20 15:39:19,948 - __main__ - INFO - Using Browserbase's built-in CAPTCHA solver
2025-03-20 15:39:23,590 - __main__ - INFO - reCAPTCHA handled successfully
2025-03-20 15:39:23,591 - __main__ - INFO - Waiting for confirmation page...
2025-03-20 15:39:23,706 - __main__ - INFO - Confirmation page detected
2025-03-20 15:39:23,707 - __main__ - INFO - Form submitted successfully and confirmation page detected
2025-03-20 15:39:23,948 - __main__ - INFO - Successfully submitted the Calendly booking form
2025-03-20 15:42:27,152 - __main__ - INFO - Setting up WebDriver with Browserbase
2025-03-20 15:42:28,454 - httpx - INFO - HTTP Request: POST https://api.browserbase.com/v1/sessions "HTTP/1.1 201 Created"
2025-03-20 15:42:30,145 - __main__ - INFO - Successfully set up Browserbase WebDriver
2025-03-20 15:42:30,146 - __main__ - INFO - Navigating to https://calendly.com/robertjandali/30min/2025-03-21T00:00:00-07:00?month=2025-03&date=2025-03-21
2025-03-20 15:42:35,158 - __main__ - INFO - Filling out Calendly form
2025-03-20 15:42:42,271 - __main__ - INFO - Processing phone: country code=+1, digits=15109198404
2025-03-20 15:42:43,491 - __main__ - WARNING - Error using search input: Message: element not interactable
  (Session info: chrome=128.0.6613.18)
Stacktrace:
#0 0x55872aac00ca <unknown>
#1 0x55872a78c0f1 <unknown>
#2 0x55872a7d2232 <unknown>
#3 0x55872a800902 <unknown>
#4 0x55872a7d02f9 <unknown>
#5 0x55872a800ace <unknown>
#6 0x55872a81ee26 <unknown>
#7 0x55872a8006a3 <unknown>
#8 0x55872a7ce4f3 <unknown>
#9 0x55872a7cf4fe <unknown>
#10 0x55872aa86d7b <unknown>
#11 0x55872aa8ad31 <unknown>
#12 0x55872aa72c85 <unknown>
#13 0x55872aa8b8a2 <unknown>
#14 0x55872aa57e1f <unknown>
#15 0x55872aaaee48 <unknown>
#16 0x55872aaaf013 <unknown>
#17 0x55872aabeebc <unknown>
#18 0x7f2b6281e1f5 <unknown>

2025-03-20 15:42:47,080 - __main__ - INFO - Form filled successfully
2025-03-20 15:42:47,080 - __main__ - INFO - Attempting to submit form
2025-03-20 15:42:47,808 - __main__ - INFO - Using Browserbase's built-in CAPTCHA solver
2025-03-20 15:42:47,808 - __main__ - INFO - reCAPTCHA handled successfully
2025-03-20 15:42:47,808 - __main__ - INFO - Waiting for confirmation page...
2025-03-20 15:43:38,262 - __main__ - INFO - Setting up WebDriver with Browserbase
2025-03-20 15:43:39,515 - httpx - INFO - HTTP Request: POST https://api.browserbase.com/v1/sessions "HTTP/1.1 201 Created"
2025-03-20 15:43:41,187 - __main__ - INFO - Successfully set up Browserbase WebDriver
2025-03-20 15:43:41,187 - __main__ - INFO - Navigating to https://calendly.com/robertjandali/30min/2025-03-21T00:00:00-07:00?month=2025-03&date=2025-03-21
2025-03-20 15:43:47,252 - __main__ - INFO - Found cookie dialog, clicking: //button[contains(text(), 'Allow')]
2025-03-20 15:43:47,389 - __main__ - WARNING - Error clicking cookie button: Message: element not interactable
  (Session info: chrome=128.0.6613.18)
Stacktrace:
#0 0x56377bfaf0ca <unknown>
#1 0x56377bc7b0f1 <unknown>
#2 0x56377bccbdbf <unknown>
#3 0x56377bcbf946 <unknown>
#4 0x56377bcef902 <unknown>
#5 0x56377bcbf2f9 <unknown>
#6 0x56377bceface <unknown>
#7 0x56377bd0de26 <unknown>
#8 0x56377bcef6a3 <unknown>
#9 0x56377bcbd4f3 <unknown>
#10 0x56377bcbe4fe <unknown>
#11 0x56377bf75d7b <unknown>
#12 0x56377bf79d31 <unknown>
#13 0x56377bf61c85 <unknown>
#14 0x56377bf7a8a2 <unknown>
#15 0x56377bf46e1f <unknown>
#16 0x56377bf9de48 <unknown>
#17 0x56377bf9e013 <unknown>
#18 0x56377bfadebc <unknown>
#19 0x7f5d9d0aa1f5 <unknown>

2025-03-20 15:43:48,094 - __main__ - INFO - Filling out Calendly form
2025-03-20 15:43:54,407 - __main__ - INFO - Processing phone: country code=+1, digits=15109198404
2025-03-20 15:43:55,595 - __main__ - WARNING - Error using search input: Message: element not interactable
  (Session info: chrome=128.0.6613.18)
Stacktrace:
#0 0x56377bfaf0ca <unknown>
#1 0x56377bc7b0f1 <unknown>
#2 0x56377bcc1232 <unknown>
#3 0x56377bcef902 <unknown>
#4 0x56377bcbf2f9 <unknown>
#5 0x56377bceface <unknown>
#6 0x56377bd0de26 <unknown>
#7 0x56377bcef6a3 <unknown>
#8 0x56377bcbd4f3 <unknown>
#9 0x56377bcbe4fe <unknown>
#10 0x56377bf75d7b <unknown>
#11 0x56377bf79d31 <unknown>
#12 0x56377bf61c85 <unknown>
#13 0x56377bf7a8a2 <unknown>
#14 0x56377bf46e1f <unknown>
#15 0x56377bf9de48 <unknown>
#16 0x56377bf9e013 <unknown>
#17 0x56377bfadebc <unknown>
#18 0x7f5d9d0aa1f5 <unknown>

2025-03-20 15:43:59,187 - __main__ - INFO - Form filled successfully
2025-03-20 15:43:59,187 - __main__ - INFO - Attempting to submit form
2025-03-20 15:43:59,996 - __main__ - INFO - Using Browserbase's built-in CAPTCHA solver
2025-03-20 15:43:59,996 - __main__ - INFO - reCAPTCHA handled successfully
2025-03-20 15:43:59,997 - __main__ - INFO - Waiting for confirmation page...
2025-03-20 15:44:01,481 - __main__ - INFO - Confirmation page detected
2025-03-20 15:44:01,481 - __main__ - INFO - Form submitted successfully and confirmation page detected
2025-03-20 15:44:01,725 - __main__ - INFO - Successfully submitted the Calendly booking form
2025-03-20 15:45:25,770 - __main__ - INFO - Setting up WebDriver with Browserbase
2025-03-20 15:45:26,847 - httpx - INFO - HTTP Request: POST https://api.browserbase.com/v1/sessions "HTTP/1.1 201 Created"
2025-03-20 15:45:28,531 - __main__ - INFO - Successfully set up Browserbase WebDriver
2025-03-20 15:45:28,531 - __main__ - INFO - Navigating to https://calendly.com/robertjandali/30min/2025-03-21T00:00:00-07:00?month=2025-03&date=2025-03-21
2025-03-20 15:45:33,369 - __main__ - INFO - Filling out Calendly form
2025-03-20 15:45:40,475 - __main__ - INFO - Processing phone: country code=+1, digits=15109198404
2025-03-20 15:45:41,562 - __main__ - WARNING - Error using search input: Message: element not interactable
  (Session info: chrome=128.0.6613.18)
Stacktrace:
#0 0x55a6201140ca <unknown>
#1 0x55a61fde00f1 <unknown>
#2 0x55a61fe26232 <unknown>
#3 0x55a61fe54902 <unknown>
#4 0x55a61fe242f9 <unknown>
#5 0x55a61fe54ace <unknown>
#6 0x55a61fe72e26 <unknown>
#7 0x55a61fe546a3 <unknown>
#8 0x55a61fe224f3 <unknown>
#9 0x55a61fe234fe <unknown>
#10 0x55a6200dad7b <unknown>
#11 0x55a6200ded31 <unknown>
#12 0x55a6200c6c85 <unknown>
#13 0x55a6200df8a2 <unknown>
#14 0x55a6200abe1f <unknown>
#15 0x55a620102e48 <unknown>
#16 0x55a620103013 <unknown>
#17 0x55a620112ebc <unknown>
#18 0x7fc9040f41f5 <unknown>

2025-03-20 15:45:44,720 - __main__ - INFO - Form filled successfully
2025-03-20 15:45:44,720 - __main__ - INFO - Attempting to submit form
2025-03-20 15:45:45,427 - __main__ - INFO - Using Browserbase's built-in CAPTCHA solver
2025-03-20 15:45:45,428 - __main__ - INFO - reCAPTCHA handled successfully
2025-03-20 15:45:45,428 - __main__ - INFO - Waiting for confirmation page...
2025-03-20 15:45:47,369 - __main__ - INFO - Confirmation page detected
2025-03-20 15:45:47,369 - __main__ - INFO - Form submitted successfully and confirmation page detected
2025-03-20 15:45:47,625 - __main__ - INFO - Successfully submitted the Calendly booking form
2025-03-20 15:45:47,625 - __main__ - INFO - Closing browser after successful submission
2025-03-20 15:46:41,489 - __main__ - INFO - Setting up WebDriver with Browserbase
2025-03-20 15:47:30,138 - __main__ - INFO - Setting up WebDriver with Browserbase
2025-03-20 15:47:30,783 - httpx - INFO - HTTP Request: POST https://api.browserbase.com/v1/sessions "HTTP/1.1 429 Too Many Requests"
2025-03-20 15:47:30,783 - browserbase._base_client - INFO - Retrying request to /v1/sessions in 0.473307 seconds
2025-03-20 15:47:31,455 - httpx - INFO - HTTP Request: POST https://api.browserbase.com/v1/sessions "HTTP/1.1 429 Too Many Requests"
2025-03-20 15:47:31,455 - browserbase._base_client - INFO - Retrying request to /v1/sessions in 0.811246 seconds
2025-03-20 15:47:32,713 - httpx - INFO - HTTP Request: POST https://api.browserbase.com/v1/sessions "HTTP/1.1 429 Too Many Requests"
2025-03-20 15:47:32,716 - __main__ - ERROR - Error setting up Browserbase: Error code: 429 - {'statusCode': 429, 'error': 'Too Many Requests', 'message': "You've exceeded your max concurrent sessions limit (limit 1, currently 1). Please contact support to increase your limit."}
2025-03-20 15:47:32,716 - __main__ - INFO - Falling back to standard WebDriver setup
2025-03-20 15:47:32,752 - __main__ - INFO - Using User-Agent: Mozilla/5.0 (iPhone; CPU iPhone OS 18_3_1 like Mac OS X) AppleWebKit/605.1.15 (KHTML, like Gecko) Version/18.3 Mobile/15E148 Safari/604.1
2025-03-20 15:47:32,753 - WDM - INFO - ====== WebDriver manager ======
2025-03-20 15:47:32,825 - WDM - INFO - Get LATEST chromedriver version for google-chrome
2025-03-20 15:47:32,892 - WDM - INFO - Get LATEST chromedriver version for google-chrome
2025-03-20 15:47:32,973 - WDM - INFO - Driver [/home/zain/.wdm/drivers/chromedriver/linux64/134.0.6998.90/chromedriver-linux64/chromedriver] found in cache
2025-03-20 15:47:34,083 - __main__ - INFO - Navigating to https://calendly.com/robertjandali/30min/2025-03-21T00:00:00-07:00?month=2025-03&date=2025-03-21
2025-03-20 15:47:35,004 - urllib3.connectionpool - WARNING - Retrying (Retry(total=2, connect=None, read=None, redirect=None, status=None)) after connection broken by 'ProtocolError('Connection aborted.', ConnectionResetError(104, 'Connection reset by peer'))': /session/8fb3f7012a569d63f9716200791055c0
2025-03-20 15:47:35,005 - urllib3.connectionpool - WARNING - Retrying (Retry(total=1, connect=None, read=None, redirect=None, status=None)) after connection broken by 'NewConnectionError('<urllib3.connection.HTTPConnection object at 0x7f308b250410>: Failed to establish a new connection: [Errno 111] Connection refused')': /session/8fb3f7012a569d63f9716200791055c0
2025-03-20 15:47:35,006 - urllib3.connectionpool - WARNING - Retrying (Retry(total=0, connect=None, read=None, redirect=None, status=None)) after connection broken by 'NewConnectionError('<urllib3.connection.HTTPConnection object at 0x7f308b2505c0>: Failed to establish a new connection: [Errno 111] Connection refused')': /session/8fb3f7012a569d63f9716200791055c0
2025-03-20 15:47:38,018 - __main__ - INFO - Setting up WebDriver with Browserbase
2025-03-20 15:47:38,611 - httpx - INFO - HTTP Request: POST https://api.browserbase.com/v1/sessions "HTTP/1.1 429 Too Many Requests"
2025-03-20 15:47:38,612 - browserbase._base_client - INFO - Retrying request to /v1/sessions in 0.415172 seconds
2025-03-20 15:47:39,249 - httpx - INFO - HTTP Request: POST https://api.browserbase.com/v1/sessions "HTTP/1.1 429 Too Many Requests"
2025-03-20 15:47:39,249 - browserbase._base_client - INFO - Retrying request to /v1/sessions in 0.853495 seconds
2025-03-20 15:47:40,387 - httpx - INFO - HTTP Request: POST https://api.browserbase.com/v1/sessions "HTTP/1.1 429 Too Many Requests"
2025-03-20 15:47:40,388 - __main__ - ERROR - Error setting up Browserbase: Error code: 429 - {'statusCode': 429, 'error': 'Too Many Requests', 'message': "You've exceeded your max concurrent sessions limit (limit 1, currently 1). Please contact support to increase your limit."}
2025-03-20 15:47:40,389 - __main__ - INFO - Falling back to standard WebDriver setup
2025-03-20 15:47:40,422 - __main__ - INFO - Using User-Agent: Mozilla/5.0 (Linux; Android 10; K) AppleWebKit/537.36 (KHTML, like Gecko) Chrome/123.0.0.0 Mobile Safari/537.36
2025-03-20 15:47:40,423 - WDM - INFO - ====== WebDriver manager ======
2025-03-20 15:47:40,493 - WDM - INFO - Get LATEST chromedriver version for google-chrome
2025-03-20 15:47:40,554 - WDM - INFO - Get LATEST chromedriver version for google-chrome
2025-03-20 15:47:40,622 - WDM - INFO - Driver [/home/zain/.wdm/drivers/chromedriver/linux64/134.0.6998.90/chromedriver-linux64/chromedriver] found in cache
2025-03-20 15:47:41,689 - __main__ - INFO - Navigating to https://calendly.com/robertjandali/30min/2025-03-21T00:00:00-07:00?month=2025-03&date=2025-03-21
2025-03-20 15:47:43,197 - urllib3.connectionpool - WARNING - Retrying (Retry(total=2, connect=None, read=None, redirect=None, status=None)) after connection broken by 'ProtocolError('Connection aborted.', ConnectionResetError(104, 'Connection reset by peer'))': /session/a58d08d7113b2c87226671c690b7b754
2025-03-20 15:47:43,198 - urllib3.connectionpool - WARNING - Retrying (Retry(total=1, connect=None, read=None, redirect=None, status=None)) after connection broken by 'NewConnectionError('<urllib3.connection.HTTPConnection object at 0x7f2c948f6f30>: Failed to establish a new connection: [Errno 111] Connection refused')': /session/a58d08d7113b2c87226671c690b7b754
2025-03-20 15:47:43,199 - urllib3.connectionpool - WARNING - Retrying (Retry(total=0, connect=None, read=None, redirect=None, status=None)) after connection broken by 'NewConnectionError('<urllib3.connection.HTTPConnection object at 0x7f2c948f47a0>: Failed to establish a new connection: [Errno 111] Connection refused')': /session/a58d08d7113b2c87226671c690b7b754
2025-03-20 15:47:50,451 - __main__ - INFO - Setting up WebDriver with Browserbase
2025-03-20 15:47:51,146 - httpx - INFO - HTTP Request: POST https://api.browserbase.com/v1/sessions "HTTP/1.1 429 Too Many Requests"
2025-03-20 15:47:51,146 - browserbase._base_client - INFO - Retrying request to /v1/sessions in 0.430655 seconds
2025-03-20 15:47:51,799 - httpx - INFO - HTTP Request: POST https://api.browserbase.com/v1/sessions "HTTP/1.1 429 Too Many Requests"
2025-03-20 15:47:51,799 - browserbase._base_client - INFO - Retrying request to /v1/sessions in 0.843098 seconds
2025-03-20 15:47:52,941 - httpx - INFO - HTTP Request: POST https://api.browserbase.com/v1/sessions "HTTP/1.1 429 Too Many Requests"
2025-03-20 15:47:52,942 - __main__ - ERROR - Error setting up Browserbase: Error code: 429 - {'statusCode': 429, 'error': 'Too Many Requests', 'message': "You've exceeded your max concurrent sessions limit (limit 1, currently 1). Please contact support to increase your limit."}
2025-03-20 15:47:52,943 - __main__ - INFO - Falling back to standard WebDriver setup
2025-03-20 15:47:52,977 - __main__ - INFO - Using User-Agent: Mozilla/5.0 (iPhone; CPU iPhone OS 18_3_1 like Mac OS X) AppleWebKit/605.1.15 (KHTML, like Gecko) Version/18.3 Mobile/15E148 Safari/604.1
2025-03-20 15:47:52,977 - WDM - INFO - ====== WebDriver manager ======
2025-03-20 15:47:53,050 - WDM - INFO - Get LATEST chromedriver version for google-chrome
2025-03-20 15:47:53,117 - WDM - INFO - Get LATEST chromedriver version for google-chrome
2025-03-20 15:47:53,178 - WDM - INFO - Driver [/home/zain/.wdm/drivers/chromedriver/linux64/134.0.6998.90/chromedriver-linux64/chromedriver] found in cache
2025-03-20 15:47:54,248 - __main__ - INFO - Navigating to https://calendly.com/robertjandali/30min/2025-03-21T00:00:00-07:00?month=2025-03&date=2025-03-21
2025-03-20 15:47:55,489 - __main__ - INFO - Filling out Calendly form
2025-03-20 15:47:55,576 - urllib3.connectionpool - WARNING - Retrying (Retry(total=2, connect=None, read=None, redirect=None, status=None)) after connection broken by 'ProtocolError('Connection aborted.', ConnectionResetError(104, 'Connection reset by peer'))': /session/5d0effc5c39571fb6e39479e87e68da9
2025-03-20 15:47:55,576 - urllib3.connectionpool - WARNING - Retrying (Retry(total=1, connect=None, read=None, redirect=None, status=None)) after connection broken by 'NewConnectionError('<urllib3.connection.HTTPConnection object at 0x7f87bc438320>: Failed to establish a new connection: [Errno 111] Connection refused')': /session/5d0effc5c39571fb6e39479e87e68da9
2025-03-20 15:47:55,577 - urllib3.connectionpool - WARNING - Retrying (Retry(total=0, connect=None, read=None, redirect=None, status=None)) after connection broken by 'NewConnectionError('<urllib3.connection.HTTPConnection object at 0x7f87bc438980>: Failed to establish a new connection: [Errno 111] Connection refused')': /session/5d0effc5c39571fb6e39479e87e68da9
2025-03-20 15:48:05,790 - __main__ - INFO - Setting up WebDriver with Browserbase
2025-03-20 15:48:06,401 - httpx - INFO - HTTP Request: POST https://api.browserbase.com/v1/sessions "HTTP/1.1 429 Too Many Requests"
2025-03-20 15:48:06,402 - browserbase._base_client - INFO - Retrying request to /v1/sessions in 0.396565 seconds
2025-03-20 15:48:06,903 - httpx - INFO - HTTP Request: POST https://api.browserbase.com/v1/sessions "HTTP/1.1 429 Too Many Requests"
2025-03-20 15:48:06,903 - browserbase._base_client - INFO - Retrying request to /v1/sessions in 0.913893 seconds
2025-03-20 15:48:08,061 - httpx - INFO - HTTP Request: POST https://api.browserbase.com/v1/sessions "HTTP/1.1 429 Too Many Requests"
2025-03-20 15:48:08,063 - __main__ - ERROR - Error setting up Browserbase: Error code: 429 - {'statusCode': 429, 'error': 'Too Many Requests', 'message': "You've exceeded your max concurrent sessions limit (limit 1, currently 1). Please contact support to increase your limit."}
2025-03-20 15:48:08,063 - __main__ - INFO - Falling back to standard WebDriver setup
2025-03-20 15:48:08,097 - __main__ - INFO - Using User-Agent: Mozilla/5.0 (Windows NT 10.0; Win64; x64) AppleWebKit/537.36 (KHTML, like Gecko) Chrome/134.0.0.0 Safari/537.36
2025-03-20 15:48:08,097 - WDM - INFO - ====== WebDriver manager ======
2025-03-20 15:48:08,170 - WDM - INFO - Get LATEST chromedriver version for google-chrome
2025-03-20 15:48:08,238 - WDM - INFO - Get LATEST chromedriver version for google-chrome
2025-03-20 15:48:08,306 - WDM - INFO - Driver [/home/zain/.wdm/drivers/chromedriver/linux64/134.0.6998.90/chromedriver-linux64/chromedriver] found in cache
2025-03-20 15:48:09,406 - __main__ - INFO - Navigating to https://calendly.com/robertjandali/30min/2025-03-21T00:00:00-07:00?month=2025-03&date=2025-03-21
2025-03-20 15:48:11,048 - __main__ - INFO - Filling out Calendly form
2025-03-20 15:48:14,902 - __main__ - INFO - Processing phone: country code=+1, digits=15109198404
2025-03-20 15:48:15,223 - __main__ - WARNING - Error using search input: Message: element not interactable
  (Session info: chrome=134.0.6998.88)
Stacktrace:
#0 0x557905bb0a2a <unknown>
#1 0x5579056681e3 <unknown>
#2 0x5579056b0282 <unknown>
#3 0x5579056dfbd2 <unknown>
#4 0x5579056ad78a <unknown>
#5 0x5579056dfd9e <unknown>
#6 0x55790570607b <unknown>
#7 0x5579056df9a3 <unknown>
#8 0x5579056ab60e <unknown>
#9 0x5579056acdd1 <unknown>
#10 0x557905b76deb <unknown>
#11 0x557905b7accc <unknown>
#12 0x557905b5e3a2 <unknown>
#13 0x557905b7b844 <unknown>
#14 0x557905b421ff <unknown>
#15 0x557905b9f048 <unknown>
#16 0x557905b9f226 <unknown>
#17 0x557905baf8a6 <unknown>
#18 0x7fd11a8d2aa4 <unknown>
#19 0x7fd11a95fc3c <unknown>

2025-03-20 15:48:16,122 - __main__ - INFO - Form filled successfully
2025-03-20 15:48:16,123 - __main__ - INFO - Attempting to submit form
2025-03-20 15:48:16,408 - __main__ - INFO - reCAPTCHA detected, attempting to handle with 2Captcha
2025-03-20 15:48:16,501 - __main__ - ERROR - 2Captcha solver not initialized. Please provide a valid API key.
2025-03-20 15:48:16,501 - __main__ - INFO - Waiting for confirmation page...
2025-03-20 15:48:17,122 - urllib3.connectionpool - WARNING - Retrying (Retry(total=2, connect=None, read=None, redirect=None, status=None)) after connection broken by 'ProtocolError('Connection aborted.', ConnectionResetError(104, 'Connection reset by peer'))': /session/a96b9f96c8ea654a4737190a3aeeed90
2025-03-20 15:48:17,123 - urllib3.connectionpool - WARNING - Retrying (Retry(total=1, connect=None, read=None, redirect=None, status=None)) after connection broken by 'NewConnectionError('<urllib3.connection.HTTPConnection object at 0x7fb332afcc80>: Failed to establish a new connection: [Errno 111] Connection refused')': /session/a96b9f96c8ea654a4737190a3aeeed90
2025-03-20 15:48:17,123 - urllib3.connectionpool - WARNING - Retrying (Retry(total=0, connect=None, read=None, redirect=None, status=None)) after connection broken by 'NewConnectionError('<urllib3.connection.HTTPConnection object at 0x7fb332afce30>: Failed to establish a new connection: [Errno 111] Connection refused')': /session/a96b9f96c8ea654a4737190a3aeeed90
2025-03-20 15:48:25,776 - __main__ - INFO - Setting up WebDriver with Browserbase
2025-03-20 15:48:26,328 - httpx - INFO - HTTP Request: POST https://api.browserbase.com/v1/sessions "HTTP/1.1 429 Too Many Requests"
2025-03-20 15:48:26,328 - browserbase._base_client - INFO - Retrying request to /v1/sessions in 0.434862 seconds
2025-03-20 15:48:26,956 - httpx - INFO - HTTP Request: POST https://api.browserbase.com/v1/sessions "HTTP/1.1 429 Too Many Requests"
2025-03-20 15:48:26,956 - browserbase._base_client - INFO - Retrying request to /v1/sessions in 0.752953 seconds
2025-03-20 15:48:27,939 - httpx - INFO - HTTP Request: POST https://api.browserbase.com/v1/sessions "HTTP/1.1 429 Too Many Requests"
2025-03-20 15:48:27,940 - __main__ - ERROR - Error setting up Browserbase: Error code: 429 - {'statusCode': 429, 'error': 'Too Many Requests', 'message': "You've exceeded your max concurrent sessions limit (limit 1, currently 1). Please contact support to increase your limit."}
2025-03-20 15:48:27,940 - __main__ - INFO - Falling back to standard WebDriver setup
2025-03-20 15:48:27,975 - __main__ - INFO - Using User-Agent: Mozilla/5.0 (iPhone; CPU iPhone OS 18_3_1 like Mac OS X) AppleWebKit/605.1.15 (KHTML, like Gecko) Version/18.3 Mobile/15E148 Safari/604.1
2025-03-20 15:48:27,976 - WDM - INFO - ====== WebDriver manager ======
2025-03-20 15:48:28,048 - WDM - INFO - Get LATEST chromedriver version for google-chrome
2025-03-20 15:48:28,110 - WDM - INFO - Get LATEST chromedriver version for google-chrome
2025-03-20 15:48:28,171 - WDM - INFO - Driver [/home/zain/.wdm/drivers/chromedriver/linux64/134.0.6998.90/chromedriver-linux64/chromedriver] found in cache
2025-03-20 15:48:29,221 - __main__ - INFO - Navigating to https://calendly.com/robertjandali/30min/2025-03-21T00:00:00-07:00?month=2025-03&date=2025-03-21
2025-03-20 15:48:31,262 - __main__ - INFO - Filling out Calendly form
2025-03-20 15:48:34,667 - __main__ - INFO - Processing phone: country code=+1, digits=15109198404
2025-03-20 15:48:34,979 - __main__ - WARNING - Error using search input: Message: element not interactable
  (Session info: chrome=134.0.6998.88)
Stacktrace:
#0 0x55f21dd02a2a <unknown>
#1 0x55f21d7ba1e3 <unknown>
#2 0x55f21d802282 <unknown>
#3 0x55f21d831bd2 <unknown>
#4 0x55f21d7ff78a <unknown>
#5 0x55f21d831d9e <unknown>
#6 0x55f21d85807b <unknown>
#7 0x55f21d8319a3 <unknown>
#8 0x55f21d7fd60e <unknown>
#9 0x55f21d7fedd1 <unknown>
#10 0x55f21dcc8deb <unknown>
#11 0x55f21dcccccc <unknown>
#12 0x55f21dcb03a2 <unknown>
#13 0x55f21dccd844 <unknown>
#14 0x55f21dc941ff <unknown>
#15 0x55f21dcf1048 <unknown>
#16 0x55f21dcf1226 <unknown>
#17 0x55f21dd018a6 <unknown>
#18 0x7f009e50caa4 <unknown>
#19 0x7f009e599c3c <unknown>

2025-03-20 15:48:35,925 - __main__ - INFO - Form filled successfully
2025-03-20 15:48:35,925 - __main__ - INFO - Attempting to submit form
2025-03-20 15:48:36,156 - __main__ - INFO - reCAPTCHA detected, attempting to handle with 2Captcha
2025-03-20 15:48:36,238 - __main__ - ERROR - 2Captcha solver not initialized. Please provide a valid API key.
2025-03-20 15:48:36,238 - __main__ - INFO - Waiting for confirmation page...
2025-03-20 15:49:11,919 - __main__ - WARNING - Could not detect confirmation page
2025-03-20 15:49:11,919 - __main__ - WARNING - Could not confirm successful submission
2025-03-20 15:49:12,058 - __main__ - ERROR - Form error: 
2025-03-20 15:49:12,059 - __main__ - ERROR - Failed to submit the form
2025-03-20 15:49:23,293 - __main__ - INFO - Setting up WebDriver with Browserbase
2025-03-20 15:49:23,954 - httpx - INFO - HTTP Request: POST https://api.browserbase.com/v1/sessions "HTTP/1.1 429 Too Many Requests"
2025-03-20 15:49:23,955 - browserbase._base_client - INFO - Retrying request to /v1/sessions in 0.405541 seconds
2025-03-20 15:49:24,631 - httpx - INFO - HTTP Request: POST https://api.browserbase.com/v1/sessions "HTTP/1.1 429 Too Many Requests"
2025-03-20 15:49:24,632 - browserbase._base_client - INFO - Retrying request to /v1/sessions in 0.907454 seconds
2025-03-20 15:49:29,589 - httpx - INFO - HTTP Request: POST https://api.browserbase.com/v1/sessions "HTTP/1.1 429 Too Many Requests"
2025-03-20 15:49:29,590 - __main__ - ERROR - Error setting up Browserbase: Error code: 429 - {'statusCode': 429, 'error': 'Too Many Requests', 'message': "You've exceeded your max concurrent sessions limit (limit 1, currently 1). Please contact support to increase your limit."}
2025-03-20 15:49:29,591 - __main__ - INFO - Falling back to standard WebDriver setup
2025-03-20 15:49:29,626 - __main__ - INFO - Using User-Agent: Mozilla/5.0 (iPhone; CPU iPhone OS 18_3_1 like Mac OS X) AppleWebKit/605.1.15 (KHTML, like Gecko) FxiOS/134.1  Mobile/15E148 Safari/605.1.15
2025-03-20 15:49:29,626 - WDM - INFO - ====== WebDriver manager ======
2025-03-20 15:49:29,701 - WDM - INFO - Get LATEST chromedriver version for google-chrome
2025-03-20 15:49:29,774 - WDM - INFO - Get LATEST chromedriver version for google-chrome
2025-03-20 15:49:29,865 - WDM - INFO - Driver [/home/zain/.wdm/drivers/chromedriver/linux64/134.0.6998.90/chromedriver-linux64/chromedriver] found in cache
2025-03-20 15:49:30,921 - __main__ - INFO - Navigating to https://calendly.com/robertjandali/30min/2025-03-21T00:00:00-07:00?month=2025-03&date=2025-03-21
2025-03-20 15:49:32,916 - __main__ - INFO - Filling out Calendly form
2025-03-20 15:49:35,869 - __main__ - INFO - Processing phone: country code=+1, digits=15109198404
2025-03-20 15:49:36,160 - __main__ - WARNING - Error using search input: Message: element not interactable
  (Session info: chrome=134.0.6998.88)
Stacktrace:
#0 0x5577bb353a2a <unknown>
#1 0x5577bae0b1e3 <unknown>
#2 0x5577bae53282 <unknown>
#3 0x5577bae82bd2 <unknown>
#4 0x5577bae5078a <unknown>
#5 0x5577bae82d9e <unknown>
#6 0x5577baea907b <unknown>
#7 0x5577bae829a3 <unknown>
#8 0x5577bae4e60e <unknown>
#9 0x5577bae4fdd1 <unknown>
#10 0x5577bb319deb <unknown>
#11 0x5577bb31dccc <unknown>
#12 0x5577bb3013a2 <unknown>
#13 0x5577bb31e844 <unknown>
#14 0x5577bb2e51ff <unknown>
#15 0x5577bb342048 <unknown>
#16 0x5577bb342226 <unknown>
#17 0x5577bb3528a6 <unknown>
#18 0x7f14fe12baa4 <unknown>
#19 0x7f14fe1b8c3c <unknown>

2025-03-20 15:49:37,027 - __main__ - INFO - Form filled successfully
2025-03-20 15:49:37,028 - __main__ - INFO - Attempting to submit form
2025-03-20 15:49:37,307 - __main__ - INFO - reCAPTCHA detected, attempting to handle with 2Captcha
2025-03-20 15:49:37,399 - __main__ - ERROR - 2Captcha solver not initialized. Please provide a valid API key.
2025-03-20 15:49:37,399 - __main__ - INFO - Waiting for confirmation page...
2025-03-20 15:49:40,790 - urllib3.connectionpool - WARNING - Retrying (Retry(total=2, connect=None, read=None, redirect=None, status=None)) after connection broken by 'ProtocolError('Connection aborted.', ConnectionResetError(104, 'Connection reset by peer'))': /session/3cf2851084468988245c0d6d36c79550
2025-03-20 15:49:40,793 - urllib3.connectionpool - WARNING - Retrying (Retry(total=1, connect=None, read=None, redirect=None, status=None)) after connection broken by 'NewConnectionError('<urllib3.connection.HTTPConnection object at 0x7fcd82c746b0>: Failed to establish a new connection: [Errno 111] Connection refused')': /session/3cf2851084468988245c0d6d36c79550
2025-03-20 15:49:40,795 - urllib3.connectionpool - WARNING - Retrying (Retry(total=0, connect=None, read=None, redirect=None, status=None)) after connection broken by 'NewConnectionError('<urllib3.connection.HTTPConnection object at 0x7fcd82c75b50>: Failed to establish a new connection: [Errno 111] Connection refused')': /session/3cf2851084468988245c0d6d36c79550
2025-03-20 15:49:45,022 - __main__ - INFO - Setting up WebDriver with Browserbase
2025-03-20 15:49:45,523 - httpx - INFO - HTTP Request: POST https://api.browserbase.com/v1/sessions "HTTP/1.1 429 Too Many Requests"
2025-03-20 15:49:45,523 - browserbase._base_client - INFO - Retrying request to /v1/sessions in 0.450791 seconds
2025-03-20 15:49:46,179 - httpx - INFO - HTTP Request: POST https://api.browserbase.com/v1/sessions "HTTP/1.1 429 Too Many Requests"
2025-03-20 15:49:46,180 - browserbase._base_client - INFO - Retrying request to /v1/sessions in 0.802002 seconds
2025-03-20 15:49:47,165 - httpx - INFO - HTTP Request: POST https://api.browserbase.com/v1/sessions "HTTP/1.1 429 Too Many Requests"
2025-03-20 15:49:47,167 - __main__ - ERROR - Error setting up Browserbase: Error code: 429 - {'statusCode': 429, 'error': 'Too Many Requests', 'message': "You've exceeded your max concurrent sessions limit (limit 1, currently 1). Please contact support to increase your limit."}
2025-03-20 15:49:47,167 - __main__ - INFO - Falling back to standard WebDriver setup
2025-03-20 15:49:47,203 - __main__ - INFO - Using User-Agent: Mozilla/5.0 (Macintosh; Intel Mac OS X 10_15_7) AppleWebKit/537.36 (KHTML, like Gecko) Chrome/131.0.0.0 Safari/537.36
2025-03-20 15:49:47,204 - WDM - INFO - ====== WebDriver manager ======
2025-03-20 15:49:47,278 - WDM - INFO - Get LATEST chromedriver version for google-chrome
2025-03-20 15:49:47,367 - WDM - INFO - Get LATEST chromedriver version for google-chrome
2025-03-20 15:49:47,457 - WDM - INFO - Driver [/home/zain/.wdm/drivers/chromedriver/linux64/134.0.6998.90/chromedriver-linux64/chromedriver] found in cache
2025-03-20 15:49:48,523 - __main__ - INFO - Navigating to https://calendly.com/robertjandali/30min/2025-03-21T00:00:00-07:00?month=2025-03&date=2025-03-21
2025-03-20 15:49:50,238 - __main__ - INFO - Filling out Calendly form
2025-03-20 15:49:51,190 - urllib3.connectionpool - WARNING - Retrying (Retry(total=2, connect=None, read=None, redirect=None, status=None)) after connection broken by 'ProtocolError('Connection aborted.', ConnectionResetError(104, 'Connection reset by peer'))': /session/856f2758614668e0e9249a3358804088
2025-03-20 15:49:51,191 - urllib3.connectionpool - WARNING - Retrying (Retry(total=1, connect=None, read=None, redirect=None, status=None)) after connection broken by 'NewConnectionError('<urllib3.connection.HTTPConnection object at 0x7f8c905a83b0>: Failed to establish a new connection: [Errno 111] Connection refused')': /session/856f2758614668e0e9249a3358804088
2025-03-20 15:49:51,192 - urllib3.connectionpool - WARNING - Retrying (Retry(total=0, connect=None, read=None, redirect=None, status=None)) after connection broken by 'NewConnectionError('<urllib3.connection.HTTPConnection object at 0x7f8c905a8410>: Failed to establish a new connection: [Errno 111] Connection refused')': /session/856f2758614668e0e9249a3358804088
2025-03-20 15:49:55,154 - __main__ - INFO - Setting up WebDriver with Browserbase
2025-03-20 15:49:55,765 - httpx - INFO - HTTP Request: POST https://api.browserbase.com/v1/sessions "HTTP/1.1 429 Too Many Requests"
2025-03-20 15:49:55,766 - browserbase._base_client - INFO - Retrying request to /v1/sessions in 0.473953 seconds
2025-03-20 15:49:56,449 - httpx - INFO - HTTP Request: POST https://api.browserbase.com/v1/sessions "HTTP/1.1 429 Too Many Requests"
2025-03-20 15:49:56,449 - browserbase._base_client - INFO - Retrying request to /v1/sessions in 0.880253 seconds
2025-03-20 15:49:57,538 - httpx - INFO - HTTP Request: POST https://api.browserbase.com/v1/sessions "HTTP/1.1 429 Too Many Requests"
2025-03-20 15:49:57,540 - __main__ - ERROR - Error setting up Browserbase: Error code: 429 - {'statusCode': 429, 'error': 'Too Many Requests', 'message': "You've exceeded your max concurrent sessions limit (limit 1, currently 1). Please contact support to increase your limit."}
2025-03-20 15:49:57,540 - __main__ - INFO - Falling back to standard WebDriver setup
2025-03-20 15:49:57,576 - __main__ - INFO - Using User-Agent: Mozilla/5.0 (iPhone; CPU iPhone OS 18_3_1 like Mac OS X) AppleWebKit/605.1.15 (KHTML, like Gecko) Version/18.3 Mobile/15E148 Safari/604.1
2025-03-20 15:49:57,576 - WDM - INFO - ====== WebDriver manager ======
2025-03-20 15:49:57,659 - WDM - INFO - Get LATEST chromedriver version for google-chrome
2025-03-20 15:49:57,727 - WDM - INFO - Get LATEST chromedriver version for google-chrome
2025-03-20 15:49:57,790 - WDM - INFO - Driver [/home/zain/.wdm/drivers/chromedriver/linux64/134.0.6998.90/chromedriver-linux64/chromedriver] found in cache
2025-03-20 15:49:58,927 - __main__ - INFO - Navigating to https://calendly.com/robertjandali/30min/2025-03-21T00:00:00-07:00?month=2025-03&date=2025-03-21
2025-03-20 15:50:00,802 - __main__ - INFO - Filling out Calendly form
2025-03-20 15:50:03,616 - urllib3.connectionpool - WARNING - Retrying (Retry(total=2, connect=None, read=None, redirect=None, status=None)) after connection broken by 'ProtocolError('Connection aborted.', ConnectionResetError(104, 'Connection reset by peer'))': /session/d8e8d4387ce932076c58828d53479823
2025-03-20 15:50:03,616 - urllib3.connectionpool - WARNING - Retrying (Retry(total=1, connect=None, read=None, redirect=None, status=None)) after connection broken by 'NewConnectionError('<urllib3.connection.HTTPConnection object at 0x7fac4da70200>: Failed to establish a new connection: [Errno 111] Connection refused')': /session/d8e8d4387ce932076c58828d53479823
2025-03-20 15:50:03,617 - urllib3.connectionpool - WARNING - Retrying (Retry(total=0, connect=None, read=None, redirect=None, status=None)) after connection broken by 'NewConnectionError('<urllib3.connection.HTTPConnection object at 0x7fac4da71f10>: Failed to establish a new connection: [Errno 111] Connection refused')': /session/d8e8d4387ce932076c58828d53479823
2025-03-20 15:50:29,588 - __main__ - INFO - Setting up WebDriver with Browserbase
2025-03-20 15:50:30,444 - httpx - INFO - HTTP Request: POST https://api.browserbase.com/v1/sessions "HTTP/1.1 429 Too Many Requests"
2025-03-20 15:50:30,444 - browserbase._base_client - INFO - Retrying request to /v1/sessions in 0.409448 seconds
2025-03-20 15:50:31,036 - httpx - INFO - HTTP Request: POST https://api.browserbase.com/v1/sessions "HTTP/1.1 429 Too Many Requests"
2025-03-20 15:50:31,037 - browserbase._base_client - INFO - Retrying request to /v1/sessions in 0.759872 seconds
2025-03-20 15:50:32,022 - httpx - INFO - HTTP Request: POST https://api.browserbase.com/v1/sessions "HTTP/1.1 429 Too Many Requests"
2025-03-20 15:50:32,024 - __main__ - ERROR - Error setting up Browserbase: Error code: 429 - {'statusCode': 429, 'error': 'Too Many Requests', 'message': "You've exceeded your max concurrent sessions limit (limit 1, currently 1). Please contact support to increase your limit."}
2025-03-20 15:50:32,024 - __main__ - INFO - Falling back to standard WebDriver setup
2025-03-20 15:50:32,059 - __main__ - INFO - Using User-Agent: Mozilla/5.0 (Macintosh; Intel Mac OS X 10_15_7) AppleWebKit/605.1.15 (KHTML, like Gecko) Version/16.6 Safari/605.1.15
2025-03-20 15:50:32,060 - WDM - INFO - ====== WebDriver manager ======
2025-03-20 15:50:32,132 - WDM - INFO - Get LATEST chromedriver version for google-chrome
2025-03-20 15:50:32,209 - WDM - INFO - Get LATEST chromedriver version for google-chrome
2025-03-20 15:50:32,299 - WDM - INFO - Driver [/home/zain/.wdm/drivers/chromedriver/linux64/134.0.6998.90/chromedriver-linux64/chromedriver] found in cache
2025-03-20 15:50:33,350 - __main__ - INFO - Navigating to https://calendly.com/robertjandali/30min/2025-03-21T00:00:00-07:00?month=2025-03&date=2025-03-21
2025-03-20 15:50:33,985 - urllib3.connectionpool - WARNING - Retrying (Retry(total=2, connect=None, read=None, redirect=None, status=None)) after connection broken by 'ProtocolError('Connection aborted.', ConnectionResetError(104, 'Connection reset by peer'))': /session/f8992a3b88b68f3182877a6e8cf65b40
2025-03-20 15:50:33,987 - urllib3.connectionpool - WARNING - Retrying (Retry(total=1, connect=None, read=None, redirect=None, status=None)) after connection broken by 'NewConnectionError('<urllib3.connection.HTTPConnection object at 0x7f4b02f6a9c0>: Failed to establish a new connection: [Errno 111] Connection refused')': /session/f8992a3b88b68f3182877a6e8cf65b40
2025-03-20 15:50:33,987 - urllib3.connectionpool - WARNING - Retrying (Retry(total=0, connect=None, read=None, redirect=None, status=None)) after connection broken by 'NewConnectionError('<urllib3.connection.HTTPConnection object at 0x7f4b02f693d0>: Failed to establish a new connection: [Errno 111] Connection refused')': /session/f8992a3b88b68f3182877a6e8cf65b40
2025-03-20 15:51:28,102 - __main__ - INFO - Setting up WebDriver with Browserbase
2025-03-20 15:51:28,771 - httpx - INFO - HTTP Request: POST https://api.browserbase.com/v1/sessions "HTTP/1.1 429 Too Many Requests"
2025-03-20 15:51:28,771 - browserbase._base_client - INFO - Retrying request to /v1/sessions in 0.393312 seconds
2025-03-20 15:51:29,415 - httpx - INFO - HTTP Request: POST https://api.browserbase.com/v1/sessions "HTTP/1.1 429 Too Many Requests"
2025-03-20 15:51:29,416 - browserbase._base_client - INFO - Retrying request to /v1/sessions in 0.890973 seconds
2025-03-20 15:51:30,550 - httpx - INFO - HTTP Request: POST https://api.browserbase.com/v1/sessions "HTTP/1.1 429 Too Many Requests"
2025-03-20 15:51:30,552 - __main__ - ERROR - Error setting up Browserbase: Error code: 429 - {'statusCode': 429, 'error': 'Too Many Requests', 'message': "You've exceeded your max concurrent sessions limit (limit 1, currently 1). Please contact support to increase your limit."}
2025-03-20 15:51:30,552 - __main__ - INFO - Falling back to standard WebDriver setup
2025-03-20 15:51:30,586 - __main__ - INFO - Using User-Agent: Mozilla/5.0 (Macintosh; Intel Mac OS X 10_15_7) AppleWebKit/537.36 (KHTML, like Gecko) Chrome/132.0.0.0 Safari/537.36
2025-03-20 15:51:30,586 - WDM - INFO - ====== WebDriver manager ======
2025-03-20 15:51:30,656 - WDM - INFO - Get LATEST chromedriver version for google-chrome
2025-03-20 15:51:30,726 - WDM - INFO - Get LATEST chromedriver version for google-chrome
2025-03-20 15:51:30,787 - WDM - INFO - Driver [/home/zain/.wdm/drivers/chromedriver/linux64/134.0.6998.90/chromedriver-linux64/chromedriver] found in cache
2025-03-20 15:51:31,798 - __main__ - INFO - Navigating to https://calendly.com/robertjandali/30min/2025-03-21T00:00:00-07:00?month=2025-03&date=2025-03-21
2025-03-20 15:51:33,870 - __main__ - INFO - Filling out Calendly form
2025-03-20 15:51:37,162 - __main__ - INFO - Processing phone: country code=+1, digits=15109198404
2025-03-20 15:51:37,435 - __main__ - WARNING - Error using search input: Message: element not interactable
  (Session info: chrome=134.0.6998.88)
Stacktrace:
#0 0x55ac2a32ea2a <unknown>
#1 0x55ac29de61e3 <unknown>
#2 0x55ac29e2e282 <unknown>
#3 0x55ac29e5dbd2 <unknown>
#4 0x55ac29e2b78a <unknown>
#5 0x55ac29e5dd9e <unknown>
#6 0x55ac29e8407b <unknown>
#7 0x55ac29e5d9a3 <unknown>
#8 0x55ac29e2960e <unknown>
#9 0x55ac29e2add1 <unknown>
#10 0x55ac2a2f4deb <unknown>
#11 0x55ac2a2f8ccc <unknown>
#12 0x55ac2a2dc3a2 <unknown>
#13 0x55ac2a2f9844 <unknown>
#14 0x55ac2a2c01ff <unknown>
#15 0x55ac2a31d048 <unknown>
#16 0x55ac2a31d226 <unknown>
#17 0x55ac2a32d8a6 <unknown>
#18 0x7f775f378aa4 <unknown>
#19 0x7f775f405c3c <unknown>

2025-03-20 15:51:38,223 - __main__ - INFO - Form filled successfully
2025-03-20 15:51:38,223 - __main__ - INFO - Attempting to submit form
2025-03-20 15:51:38,518 - __main__ - INFO - reCAPTCHA detected, attempting to handle with 2Captcha
2025-03-20 15:51:38,603 - __main__ - ERROR - 2Captcha solver not initialized. Please provide a valid API key.
2025-03-20 15:51:38,603 - __main__ - INFO - Waiting for confirmation page...
2025-03-20 15:51:40,811 - urllib3.connectionpool - WARNING - Retrying (Retry(total=2, connect=None, read=None, redirect=None, status=None)) after connection broken by 'ProtocolError('Connection aborted.', ConnectionResetError(104, 'Connection reset by peer'))': /session/dc172ab0c4ca67363269a0ec6b390898
2025-03-20 15:51:40,812 - urllib3.connectionpool - WARNING - Retrying (Retry(total=1, connect=None, read=None, redirect=None, status=None)) after connection broken by 'NewConnectionError('<urllib3.connection.HTTPConnection object at 0x7f7a167a8800>: Failed to establish a new connection: [Errno 111] Connection refused')': /session/dc172ab0c4ca67363269a0ec6b390898
2025-03-20 15:51:40,813 - urllib3.connectionpool - WARNING - Retrying (Retry(total=0, connect=None, read=None, redirect=None, status=None)) after connection broken by 'NewConnectionError('<urllib3.connection.HTTPConnection object at 0x7f7a167aa390>: Failed to establish a new connection: [Errno 111] Connection refused')': /session/dc172ab0c4ca67363269a0ec6b390898
2025-03-20 15:51:43,818 - __main__ - INFO - Setting up WebDriver with Browserbase
2025-03-20 15:51:44,478 - httpx - INFO - HTTP Request: POST https://api.browserbase.com/v1/sessions "HTTP/1.1 429 Too Many Requests"
2025-03-20 15:51:44,478 - browserbase._base_client - INFO - Retrying request to /v1/sessions in 0.416743 seconds
2025-03-20 15:51:45,088 - httpx - INFO - HTTP Request: POST https://api.browserbase.com/v1/sessions "HTTP/1.1 429 Too Many Requests"
2025-03-20 15:51:45,089 - browserbase._base_client - INFO - Retrying request to /v1/sessions in 0.915610 seconds
2025-03-20 15:51:46,223 - httpx - INFO - HTTP Request: POST https://api.browserbase.com/v1/sessions "HTTP/1.1 429 Too Many Requests"
2025-03-20 15:51:46,225 - __main__ - ERROR - Error setting up Browserbase: Error code: 429 - {'statusCode': 429, 'error': 'Too Many Requests', 'message': "You've exceeded your max concurrent sessions limit (limit 1, currently 1). Please contact support to increase your limit."}
2025-03-20 15:51:46,225 - __main__ - INFO - Falling back to standard WebDriver setup
2025-03-20 15:51:46,259 - __main__ - INFO - Using User-Agent: Mozilla/5.0 (iPhone; CPU iPhone OS 17_6_1 like Mac OS X) AppleWebKit/605.1.15 (KHTML, like Gecko) Version/17.6 Mobile/15E148 Safari/604.1
2025-03-20 15:51:46,260 - WDM - INFO - ====== WebDriver manager ======
2025-03-20 15:51:46,330 - WDM - INFO - Get LATEST chromedriver version for google-chrome
2025-03-20 15:51:46,398 - WDM - INFO - Get LATEST chromedriver version for google-chrome
2025-03-20 15:51:46,459 - WDM - INFO - Driver [/home/zain/.wdm/drivers/chromedriver/linux64/134.0.6998.90/chromedriver-linux64/chromedriver] found in cache
2025-03-20 15:51:47,458 - __main__ - INFO - Navigating to https://calendly.com/robertjandali/30min/2025-03-21T00:00:00-07:00?month=2025-03&date=2025-03-21
2025-03-20 15:51:48,952 - __main__ - INFO - Filling out Calendly form
2025-03-20 15:51:52,886 - __main__ - INFO - Processing phone: country code=+1, digits=15109198404
2025-03-20 15:51:53,181 - __main__ - WARNING - Error using search input: Message: element not interactable
  (Session info: chrome=134.0.6998.88)
Stacktrace:
#0 0x555a84616a2a <unknown>
#1 0x555a840ce1e3 <unknown>
#2 0x555a84116282 <unknown>
#3 0x555a84145bd2 <unknown>
#4 0x555a8411378a <unknown>
#5 0x555a84145d9e <unknown>
#6 0x555a8416c07b <unknown>
#7 0x555a841459a3 <unknown>
#8 0x555a8411160e <unknown>
#9 0x555a84112dd1 <unknown>
#10 0x555a845dcdeb <unknown>
#11 0x555a845e0ccc <unknown>
#12 0x555a845c43a2 <unknown>
#13 0x555a845e1844 <unknown>
#14 0x555a845a81ff <unknown>
#15 0x555a84605048 <unknown>
#16 0x555a84605226 <unknown>
#17 0x555a846158a6 <unknown>
#18 0x7fd72580faa4 <unknown>
#19 0x7fd72589cc3c <unknown>

2025-03-20 15:51:54,013 - urllib3.connectionpool - WARNING - Retrying (Retry(total=2, connect=None, read=None, redirect=None, status=None)) after connection broken by 'ProtocolError('Connection aborted.', ConnectionResetError(104, 'Connection reset by peer'))': /session/c6618f8d52915248b318bb9b0ad534cb
2025-03-20 15:51:54,014 - urllib3.connectionpool - WARNING - Retrying (Retry(total=1, connect=None, read=None, redirect=None, status=None)) after connection broken by 'NewConnectionError('<urllib3.connection.HTTPConnection object at 0x7fb3cb6ec590>: Failed to establish a new connection: [Errno 111] Connection refused')': /session/c6618f8d52915248b318bb9b0ad534cb
2025-03-20 15:51:54,015 - urllib3.connectionpool - WARNING - Retrying (Retry(total=0, connect=None, read=None, redirect=None, status=None)) after connection broken by 'NewConnectionError('<urllib3.connection.HTTPConnection object at 0x7fb3cb6ec410>: Failed to establish a new connection: [Errno 111] Connection refused')': /session/c6618f8d52915248b318bb9b0ad534cb
2025-03-20 15:52:26,927 - __main__ - INFO - Setting up WebDriver with Browserbase
2025-03-20 15:52:27,976 - httpx - INFO - HTTP Request: POST https://api.browserbase.com/v1/sessions "HTTP/1.1 429 Too Many Requests"
2025-03-20 15:52:27,977 - browserbase._base_client - INFO - Retrying request to /v1/sessions in 0.455665 seconds
2025-03-20 15:52:28,672 - httpx - INFO - HTTP Request: POST https://api.browserbase.com/v1/sessions "HTTP/1.1 429 Too Many Requests"
2025-03-20 15:52:28,673 - browserbase._base_client - INFO - Retrying request to /v1/sessions in 0.770688 seconds
2025-03-20 15:52:29,698 - httpx - INFO - HTTP Request: POST https://api.browserbase.com/v1/sessions "HTTP/1.1 429 Too Many Requests"
2025-03-20 15:52:29,700 - __main__ - ERROR - Error setting up Browserbase: Error code: 429 - {'statusCode': 429, 'error': 'Too Many Requests', 'message': "You've exceeded your max concurrent sessions limit (limit 1, currently 1). Please contact support to increase your limit."}
2025-03-20 15:52:29,711 - __main__ - INFO - Falling back to standard WebDriver setup
2025-03-20 15:52:29,749 - __main__ - INFO - Using User-Agent: Mozilla/5.0 (iPhone; CPU iPhone OS 18_3_1 like Mac OS X) AppleWebKit/605.1.15 (KHTML, like Gecko) Version/18.3 Mobile/15E148 Safari/604.1
2025-03-20 15:52:29,749 - WDM - INFO - ====== WebDriver manager ======
2025-03-20 15:52:29,830 - WDM - INFO - Get LATEST chromedriver version for google-chrome
2025-03-20 15:52:29,898 - WDM - INFO - Get LATEST chromedriver version for google-chrome
2025-03-20 15:52:29,959 - WDM - INFO - Driver [/home/zain/.wdm/drivers/chromedriver/linux64/134.0.6998.90/chromedriver-linux64/chromedriver] found in cache
2025-03-20 15:52:30,999 - __main__ - INFO - Navigating to https://calendly.com/robertjandali/30min/2025-03-21T00:00:00-07:00?month=2025-03&date=2025-03-21
2025-03-20 15:52:32,842 - urllib3.connectionpool - WARNING - Retrying (Retry(total=2, connect=None, read=None, redirect=None, status=None)) after connection broken by 'ProtocolError('Connection aborted.', ConnectionResetError(104, 'Connection reset by peer'))': /session/1ed86331a8df3c7ed5087dcbddeb054b
2025-03-20 15:52:32,843 - urllib3.connectionpool - WARNING - Retrying (Retry(total=1, connect=None, read=None, redirect=None, status=None)) after connection broken by 'NewConnectionError('<urllib3.connection.HTTPConnection object at 0x7f2b75600170>: Failed to establish a new connection: [Errno 111] Connection refused')': /session/1ed86331a8df3c7ed5087dcbddeb054b
2025-03-20 15:52:32,844 - urllib3.connectionpool - WARNING - Retrying (Retry(total=0, connect=None, read=None, redirect=None, status=None)) after connection broken by 'NewConnectionError('<urllib3.connection.HTTPConnection object at 0x7f2b75602060>: Failed to establish a new connection: [Errno 111] Connection refused')': /session/1ed86331a8df3c7ed5087dcbddeb054b
2025-03-20 15:53:31,799 - __main__ - INFO - Setting up WebDriver with Browserbase
2025-03-20 15:53:35,490 - httpx - INFO - HTTP Request: POST https://api.browserbase.com/v1/sessions "HTTP/1.1 429 Too Many Requests"
2025-03-20 15:53:35,490 - browserbase._base_client - INFO - Retrying request to /v1/sessions in 0.494012 seconds
2025-03-20 15:53:36,193 - httpx - INFO - HTTP Request: POST https://api.browserbase.com/v1/sessions "HTTP/1.1 429 Too Many Requests"
2025-03-20 15:53:36,193 - browserbase._base_client - INFO - Retrying request to /v1/sessions in 0.954777 seconds
2025-03-20 15:53:37,362 - httpx - INFO - HTTP Request: POST https://api.browserbase.com/v1/sessions "HTTP/1.1 429 Too Many Requests"
2025-03-20 15:53:37,364 - __main__ - ERROR - Error setting up Browserbase: Error code: 429 - {'statusCode': 429, 'error': 'Too Many Requests', 'message': "You've exceeded your max concurrent sessions limit (limit 1, currently 1). Please contact support to increase your limit."}
2025-03-20 15:53:37,364 - __main__ - INFO - Falling back to standard WebDriver setup
2025-03-20 15:53:37,400 - __main__ - INFO - Using User-Agent: Mozilla/5.0 (X11; CrOS x86_64 14541.0.0) AppleWebKit/537.36 (KHTML, like Gecko) Chrome/129.0.0.0 Safari/537.36
2025-03-20 15:53:37,401 - WDM - INFO - ====== WebDriver manager ======
2025-03-20 15:53:37,472 - WDM - INFO - Get LATEST chromedriver version for google-chrome
2025-03-20 15:53:37,537 - WDM - INFO - Get LATEST chromedriver version for google-chrome
2025-03-20 15:53:37,599 - WDM - INFO - Driver [/home/zain/.wdm/drivers/chromedriver/linux64/134.0.6998.90/chromedriver-linux64/chromedriver] found in cache
2025-03-20 15:53:38,648 - __main__ - INFO - Navigating to https://calendly.com/robertjandali/30min/2025-03-21T00:00:00-07:00?month=2025-03&date=2025-03-21
2025-03-20 15:53:40,547 - __main__ - INFO - Filling out Calendly form
2025-03-20 15:53:43,674 - __main__ - INFO - Processing phone: country code=+1, digits=15109198404
2025-03-20 15:53:43,974 - __main__ - WARNING - Error using search input: Message: element not interactable
  (Session info: chrome=134.0.6998.88)
Stacktrace:
#0 0x563e07fdba2a <unknown>
#1 0x563e07a931e3 <unknown>
#2 0x563e07adb282 <unknown>
#3 0x563e07b0abd2 <unknown>
#4 0x563e07ad878a <unknown>
#5 0x563e07b0ad9e <unknown>
#6 0x563e07b3107b <unknown>
#7 0x563e07b0a9a3 <unknown>
#8 0x563e07ad660e <unknown>
#9 0x563e07ad7dd1 <unknown>
#10 0x563e07fa1deb <unknown>
#11 0x563e07fa5ccc <unknown>
#12 0x563e07f893a2 <unknown>
#13 0x563e07fa6844 <unknown>
#14 0x563e07f6d1ff <unknown>
#15 0x563e07fca048 <unknown>
#16 0x563e07fca226 <unknown>
#17 0x563e07fda8a6 <unknown>
#18 0x7f68d5e21aa4 <unknown>
#19 0x7f68d5eaec3c <unknown>

2025-03-20 15:53:44,780 - __main__ - INFO - Form filled successfully
2025-03-20 15:53:44,780 - __main__ - INFO - Attempting to submit form
2025-03-20 15:53:45,088 - __main__ - INFO - reCAPTCHA detected, attempting to handle with 2Captcha
2025-03-20 15:53:45,182 - __main__ - ERROR - 2Captcha solver not initialized. Please provide a valid API key.
2025-03-20 15:53:45,182 - __main__ - INFO - Waiting for confirmation page...
2025-03-20 15:53:49,324 - urllib3.connectionpool - WARNING - Retrying (Retry(total=2, connect=None, read=None, redirect=None, status=None)) after connection broken by 'ProtocolError('Connection aborted.', ConnectionResetError(104, 'Connection reset by peer'))': /session/70dcc69ab435c7330822b4ef1da4ca5a
2025-03-20 15:53:49,325 - urllib3.connectionpool - WARNING - Retrying (Retry(total=1, connect=None, read=None, redirect=None, status=None)) after connection broken by 'NewConnectionError('<urllib3.connection.HTTPConnection object at 0x7fdbce890800>: Failed to establish a new connection: [Errno 111] Connection refused')': /session/70dcc69ab435c7330822b4ef1da4ca5a
2025-03-20 15:53:49,326 - urllib3.connectionpool - WARNING - Retrying (Retry(total=0, connect=None, read=None, redirect=None, status=None)) after connection broken by 'NewConnectionError('<urllib3.connection.HTTPConnection object at 0x7fdbce890a70>: Failed to establish a new connection: [Errno 111] Connection refused')': /session/70dcc69ab435c7330822b4ef1da4ca5a
2025-03-20 15:54:47,111 - __main__ - INFO - Setting up WebDriver with Browserbase
2025-03-20 15:54:47,784 - httpx - INFO - HTTP Request: POST https://api.browserbase.com/v1/sessions "HTTP/1.1 429 Too Many Requests"
2025-03-20 15:54:47,785 - browserbase._base_client - INFO - Retrying request to /v1/sessions in 0.428449 seconds
2025-03-20 15:54:48,465 - httpx - INFO - HTTP Request: POST https://api.browserbase.com/v1/sessions "HTTP/1.1 429 Too Many Requests"
2025-03-20 15:54:48,466 - browserbase._base_client - INFO - Retrying request to /v1/sessions in 0.873320 seconds
2025-03-20 15:54:49,529 - httpx - INFO - HTTP Request: POST https://api.browserbase.com/v1/sessions "HTTP/1.1 429 Too Many Requests"
2025-03-20 15:54:49,531 - __main__ - ERROR - Error setting up Browserbase: Error code: 429 - {'statusCode': 429, 'error': 'Too Many Requests', 'message': "You've exceeded your max concurrent sessions limit (limit 1, currently 1). Please contact support to increase your limit."}
2025-03-20 15:54:49,531 - __main__ - INFO - Falling back to standard WebDriver setup
2025-03-20 15:54:49,565 - __main__ - INFO - Using User-Agent: Mozilla/5.0 (iPhone; CPU iPhone OS 18_3_1 like Mac OS X) AppleWebKit/605.1.15 (KHTML, like Gecko) Version/18.3 Mobile/15E148 Safari/604.1
2025-03-20 15:54:49,565 - WDM - INFO - ====== WebDriver manager ======
2025-03-20 15:54:49,639 - WDM - INFO - Get LATEST chromedriver version for google-chrome
2025-03-20 15:54:49,706 - WDM - INFO - Get LATEST chromedriver version for google-chrome
2025-03-20 15:54:49,792 - WDM - INFO - Driver [/home/zain/.wdm/drivers/chromedriver/linux64/134.0.6998.90/chromedriver-linux64/chromedriver] found in cache
2025-03-20 15:54:50,810 - __main__ - INFO - Navigating to https://calendly.com/robertjandali/30min/2025-03-21T00:00:00-07:00?month=2025-03&date=2025-03-21
2025-03-20 15:54:53,139 - __main__ - INFO - Filling out Calendly form
2025-03-20 15:54:59,149 - urllib3.connectionpool - WARNING - Retrying (Retry(total=2, connect=None, read=None, redirect=None, status=None)) after connection broken by 'ProtocolError('Connection aborted.', ConnectionResetError(104, 'Connection reset by peer'))': /session/fd8090b62fafc6fdf5db1b60967d16a0
2025-03-20 15:54:59,150 - urllib3.connectionpool - WARNING - Retrying (Retry(total=1, connect=None, read=None, redirect=None, status=None)) after connection broken by 'NewConnectionError('<urllib3.connection.HTTPConnection object at 0x7f5de257c770>: Failed to establish a new connection: [Errno 111] Connection refused')': /session/fd8090b62fafc6fdf5db1b60967d16a0
2025-03-20 15:54:59,150 - urllib3.connectionpool - WARNING - Retrying (Retry(total=0, connect=None, read=None, redirect=None, status=None)) after connection broken by 'NewConnectionError('<urllib3.connection.HTTPConnection object at 0x7f5de257e2d0>: Failed to establish a new connection: [Errno 111] Connection refused')': /session/fd8090b62fafc6fdf5db1b60967d16a0
2025-03-20 15:55:17,948 - __main__ - INFO - Setting up WebDriver with Browserbase
2025-03-20 15:55:18,575 - httpx - INFO - HTTP Request: POST https://api.browserbase.com/v1/sessions "HTTP/1.1 429 Too Many Requests"
2025-03-20 15:55:18,576 - browserbase._base_client - INFO - Retrying request to /v1/sessions in 0.451786 seconds
2025-03-20 15:55:19,177 - httpx - INFO - HTTP Request: POST https://api.browserbase.com/v1/sessions "HTTP/1.1 429 Too Many Requests"
2025-03-20 15:55:19,178 - browserbase._base_client - INFO - Retrying request to /v1/sessions in 0.751831 seconds
2025-03-20 15:55:20,338 - httpx - INFO - HTTP Request: POST https://api.browserbase.com/v1/sessions "HTTP/1.1 429 Too Many Requests"
2025-03-20 15:55:20,340 - __main__ - ERROR - Error setting up Browserbase: Error code: 429 - {'statusCode': 429, 'error': 'Too Many Requests', 'message': "You've exceeded your max concurrent sessions limit (limit 1, currently 1). Please contact support to increase your limit."}
2025-03-20 15:55:20,340 - __main__ - INFO - Falling back to standard WebDriver setup
2025-03-20 15:55:20,374 - __main__ - INFO - Using User-Agent: Mozilla/5.0 (Macintosh; Intel Mac OS X 10_15_7) AppleWebKit/537.36 (KHTML, like Gecko) Chrome/133.0.0.0 Safari/537.36
2025-03-20 15:55:20,374 - WDM - INFO - ====== WebDriver manager ======
2025-03-20 15:55:20,444 - WDM - INFO - Get LATEST chromedriver version for google-chrome
2025-03-20 15:55:20,516 - WDM - INFO - Get LATEST chromedriver version for google-chrome
2025-03-20 15:55:20,598 - WDM - INFO - Driver [/home/zain/.wdm/drivers/chromedriver/linux64/134.0.6998.90/chromedriver-linux64/chromedriver] found in cache
2025-03-20 15:55:21,699 - __main__ - INFO - Navigating to https://calendly.com/robertjandali/30min/2025-03-21T00:00:00-07:00?month=2025-03&date=2025-03-21
2025-03-20 15:55:23,583 - __main__ - INFO - Filling out Calendly form
2025-03-20 15:55:27,537 - __main__ - INFO - Processing phone: country code=+1, digits=15109198404
2025-03-20 15:55:27,880 - __main__ - WARNING - Error using search input: Message: element not interactable
  (Session info: chrome=134.0.6998.88)
Stacktrace:
#0 0x55ed8e9b8a2a <unknown>
#1 0x55ed8e4701e3 <unknown>
#2 0x55ed8e4b8282 <unknown>
#3 0x55ed8e4e7bd2 <unknown>
#4 0x55ed8e4b578a <unknown>
#5 0x55ed8e4e7d9e <unknown>
#6 0x55ed8e50e07b <unknown>
#7 0x55ed8e4e79a3 <unknown>
#8 0x55ed8e4b360e <unknown>
#9 0x55ed8e4b4dd1 <unknown>
#10 0x55ed8e97edeb <unknown>
#11 0x55ed8e982ccc <unknown>
#12 0x55ed8e9663a2 <unknown>
#13 0x55ed8e983844 <unknown>
#14 0x55ed8e94a1ff <unknown>
#15 0x55ed8e9a7048 <unknown>
#16 0x55ed8e9a7226 <unknown>
#17 0x55ed8e9b78a6 <unknown>
#18 0x7f6ac7f5daa4 <unknown>
#19 0x7f6ac7feac3c <unknown>

2025-03-20 15:55:28,732 - __main__ - INFO - Form filled successfully
2025-03-20 15:55:28,732 - __main__ - INFO - Attempting to submit form
2025-03-20 15:55:28,989 - __main__ - INFO - reCAPTCHA detected, attempting to handle with 2Captcha
2025-03-20 15:55:29,114 - __main__ - ERROR - 2Captcha solver not initialized. Please provide a valid API key.
2025-03-20 15:55:29,114 - __main__ - INFO - Waiting for confirmation page...
2025-03-20 15:55:30,281 - urllib3.connectionpool - WARNING - Retrying (Retry(total=2, connect=None, read=None, redirect=None, status=None)) after connection broken by 'ProtocolError('Connection aborted.', ConnectionResetError(104, 'Connection reset by peer'))': /session/b25027a0f2a82f1ea0752f93565ddf98
2025-03-20 15:55:30,282 - urllib3.connectionpool - WARNING - Retrying (Retry(total=1, connect=None, read=None, redirect=None, status=None)) after connection broken by 'NewConnectionError('<urllib3.connection.HTTPConnection object at 0x7fdfcc22c7a0>: Failed to establish a new connection: [Errno 111] Connection refused')': /session/b25027a0f2a82f1ea0752f93565ddf98
2025-03-20 15:55:30,283 - urllib3.connectionpool - WARNING - Retrying (Retry(total=0, connect=None, read=None, redirect=None, status=None)) after connection broken by 'NewConnectionError('<urllib3.connection.HTTPConnection object at 0x7fdfcc22cb30>: Failed to establish a new connection: [Errno 111] Connection refused')': /session/b25027a0f2a82f1ea0752f93565ddf98
